SF:/home/jalhamer/Projects/braided/src/braid.rs
FN:110,_RNCNvMNtCs6cvaDWuJQkR_7braided5braidNtB4_5Braid6writhe0B6_
FN:124,_RNCNvMNtCs6cvaDWuJQkR_7braided5braidNtB4_5Braid12artin_length0B6_
FN:123,_RNvMNtCs6cvaDWuJQkR_7braided5braidNtB2_5Braid12artin_length
FN:376,_RNCNvNtNtCs6cvaDWuJQkR_7braided5braid5testss_26index_computes_as_expected0B7_
FN:416,_RNCNvNtNtCs6cvaDWuJQkR_7braided5braid5testss_37inverse_of_braid_computes_as_expected0B7_
FN:365,_RNvNtNtCs6cvaDWuJQkR_7braided5braid5testss_26index_computes_as_expected
FN:381,_RNvNtNtCs6cvaDWuJQkR_7braided5braid5testss_27length_computes_as_expected
FN:394,_RNvNtNtCs6cvaDWuJQkR_7braided5braid5testss_27writhe_computes_as_expected
FN:323,_RNvNtNtCs6cvaDWuJQkR_7braided5braid5testss_31default_braid_is_trivial_unknot
FN:207,_RNvNtNtCs6cvaDWuJQkR_7braided5braid5testss_33construction_from_bad_bands_fails
FN:220,_RNvNtNtCs6cvaDWuJQkR_7braided5braid5testss_34construction_from_zero_index_fails
FN:438,_RNvNtNtCs6cvaDWuJQkR_7braided5braid5testss_35multiplication_computes_as_expected
FN:407,_RNvNtNtCs6cvaDWuJQkR_7braided5braid5testss_37inverse_of_braid_computes_as_expected
FN:317,_RNvNtNtCs6cvaDWuJQkR_7braided5braid5testss_37trivial_constructor_works_as_expected
FN:463,_RNvNtNtCs6cvaDWuJQkR_7braided5braid5testss_37writhe_of_braid_times_inverse_is_zero
FN:425,_RNvNtNtCs6cvaDWuJQkR_7braided5braid5testss_38double_inverse_returns_braid_unchanged
FN:188,_RNvNtNtCs6cvaDWuJQkR_7braided5braid5testss_43construction_from_valid_bands_is_successful
FN:282,_RNvNtNtCs6cvaDWuJQkR_7braided5braid5testss_44construction_from_bad_artin_generators_fails
FN:510,_RNvNtNtCs6cvaDWuJQkR_7braided5braid5testss_46macro_braid_with_band_generators_is_successful
FN:491,_RNvNtNtCs6cvaDWuJQkR_7braided5braid5testss_47macro_braid_with_artin_generators_is_successful
FN:529,_RNvNtNtCs6cvaDWuJQkR_7braided5braid5testss_47macro_braid_with_mixed_generators_is_successful
FN:485,_RNvNtNtCs6cvaDWuJQkR_7braided5braid5testss_50macro_braid_with_only_index_produces_trivial_braid
FN:233,_RNvNtNtCs6cvaDWuJQkR_7braided5braid5testss_54construction_from_valid_artin_generators_is_successful
FN:330,_RNvNtNtCs6cvaDWuJQkR_7braided5braid5testss_62round_trip_from_artin_word_with_band_crossings_at_top_succeeds
FN:104,_RNvMNtCs6cvaDWuJQkR_7braided5braidNtB2_5Braid10artin_word
FN:59,_RNvMNtCs6cvaDWuJQkR_7braided5braidNtB2_5Braid10from_artin
FN:42,_RNvMNtCs6cvaDWuJQkR_7braided5braidNtB2_5Braid10from_bands
FN:120,_RNvMNtCs6cvaDWuJQkR_7braided5braidNtB2_5Braid11band_length
FN:97,_RNvMNtCs6cvaDWuJQkR_7braided5braidNtB2_5Braid5index
FN:109,_RNvMNtCs6cvaDWuJQkR_7braided5braidNtB2_5Braid6writhe
FN:85,_RNvMNtCs6cvaDWuJQkR_7braided5braidNtB2_5Braid7inverse
FN:81,_RNvMNtCs6cvaDWuJQkR_7braided5braidNtB2_5Braid7trivial
FN:101,_RNvMNtCs6cvaDWuJQkR_7braided5braidNtB2_5Braid9band_word
FN:139,_RNvXs0_NtCs6cvaDWuJQkR_7braided5braidNtB5_5BraidNtNtNtCs4NRVxsYgnAr_4core3ops5arith3Mul3mul
FN:130,_RNvXs_NtCs6cvaDWuJQkR_7braided5braidNtB4_5BraidNtNtCs4NRVxsYgnAr_4core7default7Default7default
FNDA:30,_RNCNvMNtCs6cvaDWuJQkR_7braided5braidNtB4_5Braid6writhe0B6_
FNDA:0,_RNCNvMNtCs6cvaDWuJQkR_7braided5braidNtB4_5Braid12artin_length0B6_
FNDA:0,_RNvMNtCs6cvaDWuJQkR_7braided5braidNtB2_5Braid12artin_length
FNDA:10,_RNCNvNtNtCs6cvaDWuJQkR_7braided5braid5testss_26index_computes_as_expected0B7_
FNDA:10,_RNCNvNtNtCs6cvaDWuJQkR_7braided5braid5testss_37inverse_of_braid_computes_as_expected0B7_
FNDA:1,_RNvNtNtCs6cvaDWuJQkR_7braided5braid5testss_26index_computes_as_expected
FNDA:1,_RNvNtNtCs6cvaDWuJQkR_7braided5braid5testss_27length_computes_as_expected
FNDA:1,_RNvNtNtCs6cvaDWuJQkR_7braided5braid5testss_27writhe_computes_as_expected
FNDA:1,_RNvNtNtCs6cvaDWuJQkR_7braided5braid5testss_31default_braid_is_trivial_unknot
FNDA:1,_RNvNtNtCs6cvaDWuJQkR_7braided5braid5testss_33construction_from_bad_bands_fails
FNDA:1,_RNvNtNtCs6cvaDWuJQkR_7braided5braid5testss_34construction_from_zero_index_fails
FNDA:1,_RNvNtNtCs6cvaDWuJQkR_7braided5braid5testss_35multiplication_computes_as_expected
FNDA:1,_RNvNtNtCs6cvaDWuJQkR_7braided5braid5testss_37inverse_of_braid_computes_as_expected
FNDA:1,_RNvNtNtCs6cvaDWuJQkR_7braided5braid5testss_37trivial_constructor_works_as_expected
FNDA:1,_RNvNtNtCs6cvaDWuJQkR_7braided5braid5testss_37writhe_of_braid_times_inverse_is_zero
FNDA:1,_RNvNtNtCs6cvaDWuJQkR_7braided5braid5testss_38double_inverse_returns_braid_unchanged
FNDA:1,_RNvNtNtCs6cvaDWuJQkR_7braided5braid5testss_43construction_from_valid_bands_is_successful
FNDA:1,_RNvNtNtCs6cvaDWuJQkR_7braided5braid5testss_44construction_from_bad_artin_generators_fails
FNDA:1,_RNvNtNtCs6cvaDWuJQkR_7braided5braid5testss_46macro_braid_with_band_generators_is_successful
FNDA:1,_RNvNtNtCs6cvaDWuJQkR_7braided5braid5testss_47macro_braid_with_artin_generators_is_successful
FNDA:1,_RNvNtNtCs6cvaDWuJQkR_7braided5braid5testss_47macro_braid_with_mixed_generators_is_successful
FNDA:1,_RNvNtNtCs6cvaDWuJQkR_7braided5braid5testss_50macro_braid_with_only_index_produces_trivial_braid
FNDA:1,_RNvNtNtCs6cvaDWuJQkR_7braided5braid5testss_54construction_from_valid_artin_generators_is_successful
FNDA:1,_RNvNtNtCs6cvaDWuJQkR_7braided5braid5testss_62round_trip_from_artin_word_with_band_crossings_at_top_succeeds
FNDA:1,_RNvMNtCs6cvaDWuJQkR_7braided5braidNtB2_5Braid10artin_word
FNDA:12,_RNvMNtCs6cvaDWuJQkR_7braided5braidNtB2_5Braid10from_artin
FNDA:30,_RNvMNtCs6cvaDWuJQkR_7braided5braidNtB2_5Braid10from_bands
FNDA:1,_RNvMNtCs6cvaDWuJQkR_7braided5braidNtB2_5Braid11band_length
FNDA:1,_RNvMNtCs6cvaDWuJQkR_7braided5braidNtB2_5Braid5index
FNDA:2,_RNvMNtCs6cvaDWuJQkR_7braided5braidNtB2_5Braid6writhe
FNDA:3,_RNvMNtCs6cvaDWuJQkR_7braided5braidNtB2_5Braid7inverse
FNDA:4,_RNvMNtCs6cvaDWuJQkR_7braided5braidNtB2_5Braid7trivial
FNDA:1,_RNvMNtCs6cvaDWuJQkR_7braided5braidNtB2_5Braid9band_word
FNDA:15,_RNvXs0_NtCs6cvaDWuJQkR_7braided5braidNtB5_5BraidNtNtNtCs4NRVxsYgnAr_4core3ops5arith3Mul3mul
FNDA:1,_RNvXs_NtCs6cvaDWuJQkR_7braided5braidNtB4_5BraidNtNtCs4NRVxsYgnAr_4core7default7Default7default
FNF:35
FNH:33
DA:42,30
DA:43,30
DA:46,1
DA:47,186
DA:48,186
DA:49,1
DA:50,185
DA:52,28
DA:53,28
DA:54,28
DA:55,28
DA:56,30
DA:59,12
DA:60,12
DA:61,12
DA:62,12
DA:63,12
DA:66,0
DA:67,62
DA:68,62
DA:69,1
DA:70,1
DA:71,1
DA:72,1
DA:73,61
DA:75,11
DA:76,11
DA:77,11
DA:78,11
DA:79,12
DA:81,4
DA:82,4
DA:83,4
DA:85,3
DA:86,3
DA:87,3
DA:89,30
DA:90,30
DA:91,30
DA:93,3
DA:94,3
DA:97,1
DA:98,1
DA:99,1
DA:101,1
DA:102,1
DA:103,1
DA:104,1
DA:105,1
DA:106,1
DA:109,2
DA:110,30
DA:111,30
DA:112,14
DA:114,16
DA:116,30
DA:117,2
DA:120,1
DA:121,1
DA:122,1
DA:123,0
DA:124,0
DA:125,0
DA:130,1
DA:131,1
DA:132,1
DA:139,15
DA:140,15
DA:141,15
DA:142,15
DA:143,15
DA:144,15
DA:188,1
DA:189,1
DA:190,1
DA:191,1
DA:192,1
DA:193,1
DA:195,1
DA:196,1
DA:197,1
DA:198,1
DA:199,1
DA:200,1
DA:201,1
DA:202,1
DA:204,1
DA:207,1
DA:208,1
DA:209,1
DA:210,1
DA:211,1
DA:212,1
DA:214,1
DA:215,1
DA:216,1
DA:217,1
DA:220,1
DA:221,1
DA:222,1
DA:223,1
DA:224,1
DA:225,1
DA:227,1
DA:228,1
DA:229,1
DA:230,1
DA:233,1
DA:234,1
DA:236,1
DA:237,1
DA:238,1
DA:239,1
DA:240,1
DA:242,1
DA:243,1
DA:244,1
DA:246,1
DA:247,1
DA:248,1
DA:249,1
DA:250,1
DA:252,1
DA:254,1
DA:255,1
DA:256,1
DA:258,1
DA:259,1
DA:260,1
DA:262,1
DA:263,1
DA:264,1
DA:265,1
DA:266,1
DA:267,1
DA:269,1
DA:270,1
DA:271,1
DA:272,1
DA:273,1
DA:274,1
DA:276,1
DA:279,1
DA:282,1
DA:283,1
DA:285,1
DA:286,1
DA:287,1
DA:288,1
DA:289,1
DA:291,1
DA:292,1
DA:293,1
DA:295,1
DA:296,1
DA:297,1
DA:298,1
DA:299,1
DA:301,1
DA:303,1
DA:304,1
DA:305,1
DA:307,1
DA:308,1
DA:309,1
DA:311,1
DA:312,1
DA:313,1
DA:314,1
DA:317,1
DA:318,1
DA:319,1
DA:320,1
DA:323,1
DA:324,1
DA:325,1
DA:326,1
DA:327,1
DA:330,1
DA:331,1
DA:333,1
DA:334,1
DA:335,1
DA:336,1
DA:337,1
DA:339,1
DA:340,1
DA:341,1
DA:343,1
DA:344,1
DA:345,1
DA:346,1
DA:347,1
DA:349,1
DA:351,1
DA:352,1
DA:353,1
DA:355,1
DA:356,1
DA:357,1
DA:359,1
DA:360,1
DA:361,1
DA:362,1
DA:365,1
DA:366,1
DA:367,1
DA:368,1
DA:369,1
DA:370,1
DA:372,1
DA:373,1
DA:374,1
DA:375,1
DA:376,10
DA:378,1
DA:381,1
DA:382,1
DA:383,1
DA:384,1
DA:385,1
DA:386,1
DA:388,1
DA:389,1
DA:390,1
DA:391,1
DA:394,1
DA:395,1
DA:396,1
DA:397,1
DA:398,1
DA:399,1
DA:401,1
DA:402,1
DA:403,1
DA:404,1
DA:407,1
DA:408,1
DA:409,1
DA:410,1
DA:411,1
DA:412,1
DA:414,1
DA:415,1
DA:416,10
DA:417,1
DA:418,1
DA:419,1
DA:420,1
DA:422,1
DA:425,1
DA:426,1
DA:427,1
DA:428,1
DA:429,1
DA:430,1
DA:432,1
DA:433,1
DA:434,1
DA:435,1
DA:438,1
DA:439,1
DA:440,1
DA:441,1
DA:442,1
DA:443,1
DA:445,1
DA:446,1
DA:447,1
DA:448,1
DA:449,1
DA:450,1
DA:451,1
DA:453,1
DA:454,1
DA:455,1
DA:456,1
DA:457,1
DA:458,1
DA:460,1
DA:463,1
DA:464,1
DA:465,1
DA:466,1
DA:467,1
DA:468,1
DA:470,1
DA:471,1
DA:472,1
DA:473,1
DA:474,1
DA:475,1
DA:476,1
DA:478,1
DA:479,1
DA:480,1
DA:481,1
DA:482,1
DA:485,1
DA:486,1
DA:487,1
DA:488,1
DA:491,1
DA:492,1
DA:493,1
DA:494,1
DA:495,1
DA:498,1
DA:499,1
DA:500,1
DA:501,1
DA:503,1
DA:505,1
DA:507,1
DA:510,1
DA:511,1
DA:512,1
DA:513,1
DA:514,1
DA:517,1
DA:518,1
DA:519,1
DA:520,1
DA:522,1
DA:524,1
DA:526,1
DA:529,1
DA:530,1
DA:531,1
DA:532,1
DA:533,1
DA:536,1
DA:537,1
DA:538,1
DA:539,1
DA:540,1
DA:541,1
DA:542,1
DA:543,1
DA:545,1
DA:547,1
DA:549,1
BRF:0
BRH:0
LF:346
LH:341
end_of_record
SF:/home/jalhamer/Projects/braided/src/generators/artin.rs
FN:46,_RNvMNtNtCs6cvaDWuJQkR_7braided10generators5artinNtB2_14ArtinGenerator28minimal_required_braid_index
FN:24,_RNvMNtNtCs6cvaDWuJQkR_7braided10generators5artinNtB2_14ArtinGenerator3new
FN:30,_RNvMNtNtCs6cvaDWuJQkR_7braided10generators5artinNtB2_14ArtinGenerator4foot
FN:34,_RNvMNtNtCs6cvaDWuJQkR_7braided10generators5artinNtB2_14ArtinGenerator4sign
FN:38,_RNvMNtNtCs6cvaDWuJQkR_7braided10generators5artinNtB2_14ArtinGenerator7inverse
FN:127,_RNvNtNtNtCs6cvaDWuJQkR_7braided10generators5artin5testss_31double_inverse_returns_original
FN:105,_RNvNtNtNtCs6cvaDWuJQkR_7braided10generators5artin5testss_31zero_foot_cannot_be_constructed
FN:114,_RNvNtNtNtCs6cvaDWuJQkR_7braided10generators5artin5testss_41inverting_a_positive_generator_flips_sign
FN:147,_RNvNtNtNtCs6cvaDWuJQkR_7braided10generators5artin5testss_42macro_artin_with_zero_returns_empty_vector
FN:93,_RNvNtNtNtCs6cvaDWuJQkR_7braided10generators5artin5testss_43valid_negative_generator_can_be_constructed
FN:81,_RNvNtNtNtCs6cvaDWuJQkR_7braided10generators5artin5testss_43valid_positive_generator_can_be_constructed
FN:136,_RNvNtNtNtCs6cvaDWuJQkR_7braided10generators5artin5testss_50braid_index_of_positive_generator_is_foot_plus_one
FN:153,_RNvNtNtNtCs6cvaDWuJQkR_7braided10generators5artin5testss_66macro_artin_with_power_returns_vector_of_positive_artin_generators
FN:163,_RNvNtNtNtCs6cvaDWuJQkR_7braided10generators5artin5testss_75macro_artin_with_negative_power_returns_vector_of_negative_artin_generators
FNDA:63,_RNvMNtNtCs6cvaDWuJQkR_7braided10generators5artinNtB2_14ArtinGenerator28minimal_required_braid_index
FNDA:305,_RNvMNtNtCs6cvaDWuJQkR_7braided10generators5artinNtB2_14ArtinGenerator3new
FNDA:1714,_RNvMNtNtCs6cvaDWuJQkR_7braided10generators5artinNtB2_14ArtinGenerator4foot
FNDA:857,_RNvMNtNtCs6cvaDWuJQkR_7braided10generators5artinNtB2_14ArtinGenerator4sign
FNDA:52,_RNvMNtNtCs6cvaDWuJQkR_7braided10generators5artinNtB2_14ArtinGenerator7inverse
FNDA:1,_RNvNtNtNtCs6cvaDWuJQkR_7braided10generators5artin5testss_31double_inverse_returns_original
FNDA:1,_RNvNtNtNtCs6cvaDWuJQkR_7braided10generators5artin5testss_31zero_foot_cannot_be_constructed
FNDA:1,_RNvNtNtNtCs6cvaDWuJQkR_7braided10generators5artin5testss_41inverting_a_positive_generator_flips_sign
FNDA:1,_RNvNtNtNtCs6cvaDWuJQkR_7braided10generators5artin5testss_42macro_artin_with_zero_returns_empty_vector
FNDA:1,_RNvNtNtNtCs6cvaDWuJQkR_7braided10generators5artin5testss_43valid_negative_generator_can_be_constructed
FNDA:1,_RNvNtNtNtCs6cvaDWuJQkR_7braided10generators5artin5testss_43valid_positive_generator_can_be_constructed
FNDA:1,_RNvNtNtNtCs6cvaDWuJQkR_7braided10generators5artin5testss_50braid_index_of_positive_generator_is_foot_plus_one
FNDA:1,_RNvNtNtNtCs6cvaDWuJQkR_7braided10generators5artin5testss_66macro_artin_with_power_returns_vector_of_positive_artin_generators
FNDA:1,_RNvNtNtNtCs6cvaDWuJQkR_7braided10generators5artin5testss_75macro_artin_with_negative_power_returns_vector_of_negative_artin_generators
FNF:14
FNH:14
DA:24,305
DA:25,305
DA:26,304
DA:27,305
DA:30,1714
DA:31,1714
DA:32,1714
DA:34,857
DA:35,857
DA:36,857
DA:38,52
DA:39,52
DA:40,52
DA:41,52
DA:42,52
DA:43,52
DA:46,63
DA:47,63
DA:48,63
DA:81,1
DA:82,1
DA:83,1
DA:84,1
DA:85,1
DA:86,1
DA:87,1
DA:88,1
DA:90,1
DA:93,1
DA:94,1
DA:95,1
DA:96,1
DA:97,1
DA:98,1
DA:99,1
DA:100,1
DA:102,1
DA:105,1
DA:106,1
DA:108,1
DA:109,1
DA:114,1
DA:115,1
DA:116,1
DA:117,1
DA:118,1
DA:119,1
DA:120,1
DA:121,1
DA:122,1
DA:124,1
DA:127,1
DA:128,1
DA:129,1
DA:130,1
DA:131,1
DA:136,1
DA:137,1
DA:138,1
DA:139,1
DA:140,1
DA:142,1
DA:147,1
DA:148,1
DA:149,1
DA:150,1
DA:153,1
DA:154,1
DA:155,1
DA:156,1
DA:157,1
DA:158,1
DA:160,1
DA:163,1
DA:164,1
DA:165,1
DA:166,1
DA:167,1
DA:168,1
DA:170,1
BRF:0
BRH:0
LF:80
LH:80
end_of_record
SF:/home/jalhamer/Projects/braided/src/generators/band.rs
FN:73,_RNvMNtNtCs6cvaDWuJQkR_7braided10generators4bandNtB2_13BandGenerator10from_artin
FN:204,_RNvMNtNtCs6cvaDWuJQkR_7braided10generators4bandNtB2_13BandGenerator12artin_length
FN:201,_RNvMNtNtCs6cvaDWuJQkR_7braided10generators4bandNtB2_13BandGenerator28minimal_required_braid_index
FN:62,_RNvMNtNtCs6cvaDWuJQkR_7braided10generators4bandNtB2_13BandGenerator3new
FN:171,_RNvMNtNtCs6cvaDWuJQkR_7braided10generators4bandNtB2_13BandGenerator4foot
FN:175,_RNvMNtNtCs6cvaDWuJQkR_7braided10generators4bandNtB2_13BandGenerator4head
FN:179,_RNvMNtNtCs6cvaDWuJQkR_7braided10generators4bandNtB2_13BandGenerator4sign
FN:193,_RNvMNtNtCs6cvaDWuJQkR_7braided10generators4bandNtB2_13BandGenerator6height
FN:183,_RNvMNtNtCs6cvaDWuJQkR_7braided10generators4bandNtB2_13BandGenerator7inverse
FN:197,_RNvMNtNtCs6cvaDWuJQkR_7braided10generators4bandNtB2_13BandGenerator8is_artin
FN:433,_RNvNtNtNtCs6cvaDWuJQkR_7braided10generators4band5testss_20band_can_be_inverted
FN:390,_RNvNtNtNtCs6cvaDWuJQkR_7braided10generators4band5testss_20height_is_computable
FN:414,_RNvNtNtNtCs6cvaDWuJQkR_7braided10generators4band5testss_24artin_length_is_accurate
FN:396,_RNvNtNtNtCs6cvaDWuJQkR_7braided10generators4band5testss_33is_artin_detects_artin_generators
FN:240,_RNvNtNtNtCs6cvaDWuJQkR_7braided10generators4band5testss_35valid_band_generator_is_constructed
FN:405,_RNvNtNtNtCs6cvaDWuJQkR_7braided10generators4band5testss_36minimal_required_braid_index_is_head
FN:271,_RNvNtNtNtCs6cvaDWuJQkR_7braided10generators4band5testss_36validation_error_when_foot_over_head
FN:264,_RNvNtNtNtCs6cvaDWuJQkR_7braided10generators4band5testss_38validation_error_when_head_equals_foot
FN:449,_RNvNtNtNtCs6cvaDWuJQkR_7braided10generators4band5testss_41macro_band_with_zero_creates_trivial_word
FN:469,_RNvNtNtNtCs6cvaDWuJQkR_7braided10generators4band5testss_66macro_band_with_negative_power_creates_repeated_negative_band_word
FN:456,_RNvNtNtNtCs6cvaDWuJQkR_7braided10generators4band5testss_66macro_band_with_positive_power_creates_repeated_positive_band_word
FN:334,_RNvNtNtNtCs6cvaDWuJQkR_7braided10generators4band5testss_72invalid_collections_of_artin_generators_fail_to_construct_band_generator
FN:280,_RNvNtNtNtCs6cvaDWuJQkR_7braided10generators4band5testss_74valid_collection_of_artin_generators_successfully_construct_band_generator
FNDA:367,_RNvMNtNtCs6cvaDWuJQkR_7braided10generators4bandNtB2_13BandGenerator10from_artin
FNDA:1,_RNvMNtNtCs6cvaDWuJQkR_7braided10generators4bandNtB2_13BandGenerator12artin_length
FNDA:187,_RNvMNtNtCs6cvaDWuJQkR_7braided10generators4bandNtB2_13BandGenerator28minimal_required_braid_index
FNDA:117,_RNvMNtNtCs6cvaDWuJQkR_7braided10generators4bandNtB2_13BandGenerator3new
FNDA:42,_RNvMNtNtCs6cvaDWuJQkR_7braided10generators4bandNtB2_13BandGenerator4foot
FNDA:94,_RNvMNtNtCs6cvaDWuJQkR_7braided10generators4bandNtB2_13BandGenerator4head
FNDA:72,_RNvMNtNtCs6cvaDWuJQkR_7braided10generators4bandNtB2_13BandGenerator4sign
FNDA:4,_RNvMNtNtCs6cvaDWuJQkR_7braided10generators4bandNtB2_13BandGenerator6height
FNDA:42,_RNvMNtNtCs6cvaDWuJQkR_7braided10generators4bandNtB2_13BandGenerator7inverse
FNDA:2,_RNvMNtNtCs6cvaDWuJQkR_7braided10generators4bandNtB2_13BandGenerator8is_artin
FNDA:1,_RNvNtNtNtCs6cvaDWuJQkR_7braided10generators4band5testss_20band_can_be_inverted
FNDA:1,_RNvNtNtNtCs6cvaDWuJQkR_7braided10generators4band5testss_20height_is_computable
FNDA:1,_RNvNtNtNtCs6cvaDWuJQkR_7braided10generators4band5testss_24artin_length_is_accurate
FNDA:1,_RNvNtNtNtCs6cvaDWuJQkR_7braided10generators4band5testss_33is_artin_detects_artin_generators
FNDA:1,_RNvNtNtNtCs6cvaDWuJQkR_7braided10generators4band5testss_35valid_band_generator_is_constructed
FNDA:1,_RNvNtNtNtCs6cvaDWuJQkR_7braided10generators4band5testss_36minimal_required_braid_index_is_head
FNDA:1,_RNvNtNtNtCs6cvaDWuJQkR_7braided10generators4band5testss_36validation_error_when_foot_over_head
FNDA:1,_RNvNtNtNtCs6cvaDWuJQkR_7braided10generators4band5testss_38validation_error_when_head_equals_foot
FNDA:1,_RNvNtNtNtCs6cvaDWuJQkR_7braided10generators4band5testss_41macro_band_with_zero_creates_trivial_word
FNDA:1,_RNvNtNtNtCs6cvaDWuJQkR_7braided10generators4band5testss_66macro_band_with_negative_power_creates_repeated_negative_band_word
FNDA:1,_RNvNtNtNtCs6cvaDWuJQkR_7braided10generators4band5testss_66macro_band_with_positive_power_creates_repeated_positive_band_word
FNDA:1,_RNvNtNtNtCs6cvaDWuJQkR_7braided10generators4band5testss_72invalid_collections_of_artin_generators_fail_to_construct_band_generator
FNDA:1,_RNvNtNtNtCs6cvaDWuJQkR_7braided10generators4band5testss_74valid_collection_of_artin_generators_successfully_construct_band_generator
FNF:23
FNH:23
DA:62,117
DA:63,117
DA:64,117
DA:65,117
DA:66,1
DA:67,116
DA:68,116
DA:69,1
DA:70,115
DA:71,115
DA:72,117
DA:73,367
DA:74,367
DA:76,367
DA:77,1
DA:78,366
DA:79,31
DA:80,31
DA:81,31
DA:82,31
DA:83,31
DA:84,31
DA:85,335
DA:86,1
DA:87,334
DA:89,334
DA:90,334
DA:91,334
DA:92,334
DA:94,334
DA:95,334
DA:96,334
DA:98,498
DA:100,498
DA:102,217
DA:103,217
DA:104,98
DA:105,98
DA:106,119
DA:107,119
DA:108,119
DA:109,119
DA:110,119
DA:114,281
DA:115,281
DA:116,181
DA:117,181
DA:118,100
DA:119,100
DA:120,100
DA:121,100
DA:122,100
DA:126,279
DA:128,157
DA:129,157
DA:130,141
DA:131,141
DA:132,16
DA:133,16
DA:134,16
DA:135,16
DA:136,16
DA:140,122
DA:141,122
DA:142,73
DA:143,73
DA:144,49
DA:145,49
DA:146,49
DA:147,49
DA:148,49
DA:155,50
DA:156,50
DA:157,50
DA:158,50
DA:160,1
DA:161,49
DA:163,49
DA:164,49
DA:165,49
DA:167,49
DA:168,367
DA:171,42
DA:172,42
DA:173,42
DA:175,94
DA:176,94
DA:177,94
DA:179,72
DA:180,72
DA:181,72
DA:183,42
DA:184,42
DA:185,42
DA:186,42
DA:187,42
DA:188,42
DA:189,42
DA:193,4
DA:194,4
DA:195,4
DA:197,2
DA:198,2
DA:199,2
DA:201,187
DA:202,187
DA:203,187
DA:204,1
DA:205,1
DA:206,1
DA:240,1
DA:241,1
DA:242,1
DA:244,1
DA:245,1
DA:246,1
DA:247,1
DA:248,1
DA:249,1
DA:250,1
DA:253,1
DA:254,1
DA:255,1
DA:256,1
DA:257,1
DA:258,1
DA:259,1
DA:261,1
DA:264,1
DA:265,1
DA:267,1
DA:268,1
DA:271,1
DA:272,1
DA:274,1
DA:275,1
DA:280,1
DA:281,1
DA:283,1
DA:284,1
DA:288,1
DA:289,1
DA:290,1
DA:291,1
DA:292,1
DA:293,1
DA:294,1
DA:296,1
DA:297,1
DA:301,1
DA:302,1
DA:303,1
DA:304,1
DA:305,1
DA:306,1
DA:307,1
DA:309,1
DA:310,1
DA:314,1
DA:315,1
DA:316,1
DA:317,1
DA:318,1
DA:319,1
DA:320,1
DA:322,1
DA:323,1
DA:327,4
DA:328,4
DA:329,4
DA:331,1
DA:334,1
DA:335,1
DA:336,1
DA:339,1
DA:340,1
DA:341,1
DA:342,1
DA:343,1
DA:344,1
DA:346,1
DA:347,1
DA:351,1
DA:352,1
DA:353,1
DA:354,1
DA:355,1
DA:356,1
DA:357,1
DA:359,1
DA:361,1
DA:362,1
DA:363,1
DA:368,1
DA:369,1
DA:370,1
DA:371,1
DA:372,1
DA:373,1
DA:374,1
DA:376,1
DA:377,1
DA:381,4
DA:382,4
DA:383,4
DA:385,1
DA:390,1
DA:391,1
DA:392,1
DA:393,1
DA:396,1
DA:397,1
DA:398,1
DA:400,1
DA:401,1
DA:402,1
DA:405,1
DA:406,1
DA:407,1
DA:408,1
DA:409,1
DA:411,1
DA:414,1
DA:415,1
DA:416,1
DA:417,1
DA:418,1
DA:419,1
DA:420,1
DA:421,1
DA:422,1
DA:424,1
DA:425,1
DA:427,1
DA:428,1
DA:433,1
DA:434,1
DA:435,1
DA:437,1
DA:438,1
DA:439,1
DA:442,1
DA:443,1
DA:444,1
DA:449,1
DA:450,1
DA:452,1
DA:453,1
DA:456,1
DA:457,1
DA:459,1
DA:460,1
DA:461,1
DA:462,1
DA:463,1
DA:466,1
DA:469,1
DA:470,1
DA:472,1
DA:473,1
DA:474,1
DA:475,1
DA:476,1
DA:479,1
BRF:0
BRH:0
LF:264
LH:264
end_of_record
SF:/home/jalhamer/Projects/braided/src/generators/conversion.rs
FN:3,_RNvNtNtCs6cvaDWuJQkR_7braided10generators10conversion13artin_to_band
FN:31,_RNvNtNtCs6cvaDWuJQkR_7braided10generators10conversion13band_to_artin
FN:37,_RNvNtNtCs6cvaDWuJQkR_7braided10generators10conversion14decompose_band
FN:34,_RNCNvNtNtCs6cvaDWuJQkR_7braided10generators10conversion13band_to_artin0B7_
FN:44,_RNCNvNtNtCs6cvaDWuJQkR_7braided10generators10conversion14decompose_band0B7_
FN:56,_RNvNtNtNtCs6cvaDWuJQkR_7braided10generators10conversion5tests13get_band_word
FN:67,_RNvNtNtNtCs6cvaDWuJQkR_7braided10generators10conversion5tests49get_artin_word_with_band_crossings_at_top_of_band
FN:98,_RNvNtNtNtCs6cvaDWuJQkR_7braided10generators10conversion5tests57get_artin_word_with_band_crossings_at_arbitrary_positions
FN:147,_RNvNtNtNtCs6cvaDWuJQkR_7braided10generators10conversion5testss_40successful_conversion_from_band_to_artin
FNDA:168,_RNvNtNtCs6cvaDWuJQkR_7braided10generators10conversion13artin_to_band
FNDA:7,_RNvNtNtCs6cvaDWuJQkR_7braided10generators10conversion13band_to_artin
FNDA:42,_RNvNtNtCs6cvaDWuJQkR_7braided10generators10conversion14decompose_band
FNDA:42,_RNCNvNtNtCs6cvaDWuJQkR_7braided10generators10conversion13band_to_artin0B7_
FNDA:49,_RNCNvNtNtCs6cvaDWuJQkR_7braided10generators10conversion14decompose_band0B7_
FNDA:4,_RNvNtNtNtCs6cvaDWuJQkR_7braided10generators10conversion5tests13get_band_word
FNDA:3,_RNvNtNtNtCs6cvaDWuJQkR_7braided10generators10conversion5tests49get_artin_word_with_band_crossings_at_top_of_band
FNDA:1,_RNvNtNtNtCs6cvaDWuJQkR_7braided10generators10conversion5tests57get_artin_word_with_band_crossings_at_arbitrary_positions
FNDA:1,_RNvNtNtNtCs6cvaDWuJQkR_7braided10generators10conversion5testss_40successful_conversion_from_band_to_artin
FNF:9
FNH:9
DA:3,168
DA:4,168
DA:5,168
DA:6,168
DA:7,93
DA:8,75
DA:10,75
DA:11,75
DA:14,612
DA:15,358
DA:16,358
DA:17,358
DA:18,358
DA:19,75
DA:20,75
DA:21,75
DA:22,75
DA:23,283
DA:24,283
DA:25,283
DA:27,254
DA:29,168
DA:31,7
DA:32,7
DA:33,7
DA:34,42
DA:35,7
DA:37,42
DA:39,42
DA:40,42
DA:41,49
DA:42,49
DA:43,49
DA:44,49
DA:45,42
DA:46,42
DA:56,4
DA:58,4
DA:59,4
DA:60,4
DA:61,4
DA:62,4
DA:63,4
DA:65,4
DA:66,4
DA:67,3
DA:68,3
DA:70,3
DA:71,3
DA:72,3
DA:73,3
DA:74,3
DA:76,3
DA:77,3
DA:78,3
DA:80,3
DA:81,3
DA:82,3
DA:83,3
DA:84,3
DA:86,3
DA:88,3
DA:89,3
DA:90,3
DA:92,3
DA:93,3
DA:94,3
DA:96,3
DA:97,3
DA:98,1
DA:99,1
DA:101,1
DA:102,1
DA:103,1
DA:104,1
DA:105,1
DA:107,1
DA:108,1
DA:109,1
DA:111,1
DA:112,1
DA:113,1
DA:114,1
DA:115,1
DA:117,1
DA:119,1
DA:120,1
DA:121,1
DA:123,1
DA:124,1
DA:125,1
DA:127,1
DA:128,1
DA:147,1
DA:148,1
DA:149,1
DA:150,1
DA:151,1
DA:153,1
BRF:0
BRH:0
LF:101
LH:101
end_of_record
SF:/home/jalhamer/Projects/braided/src/index.rs
FN:35,_RNvNtNtCs6cvaDWuJQkR_7braided5index5testss_26braid_index_cannot_be_zero
FN:29,_RNvNtNtCs6cvaDWuJQkR_7braided5index5testss_32a_valid_index_can_be_constructed
FN:13,_RNvMNtCs6cvaDWuJQkR_7braided5indexNtB2_10BraidIndex3new
FNDA:1,_RNvNtNtCs6cvaDWuJQkR_7braided5index5testss_26braid_index_cannot_be_zero
FNDA:1,_RNvNtNtCs6cvaDWuJQkR_7braided5index5testss_32a_valid_index_can_be_constructed
FNDA:299,_RNvMNtCs6cvaDWuJQkR_7braided5indexNtB2_10BraidIndex3new
FNF:3
FNH:3
DA:13,299
DA:14,299
DA:15,2
DA:16,297
DA:17,297
DA:18,299
DA:29,1
DA:30,1
DA:31,1
DA:32,1
DA:35,1
DA:36,1
DA:37,1
DA:38,1
BRF:0
BRH:0
LF:14
LH:14
end_of_record
SF:/home/jalhamer/Projects/braided/src/sign.rs
FN:27,_RNvNtNtCs6cvaDWuJQkR_7braided4sign5testss_19sign_can_be_negated
FN:12,_RNvXNtCs6cvaDWuJQkR_7braided4signNtB2_4SignNtNtNtCs4NRVxsYgnAr_4core3ops5arith3Neg3neg
FNDA:1,_RNvNtNtCs6cvaDWuJQkR_7braided4sign5testss_19sign_can_be_negated
FNDA:96,_RNvXNtCs6cvaDWuJQkR_7braided4signNtB2_4SignNtNtNtCs4NRVxsYgnAr_4core3ops5arith3Neg3neg
FNF:2
FNH:2
DA:12,96
DA:13,96
DA:14,22
DA:15,74
DA:17,96
DA:27,1
DA:28,1
DA:29,1
DA:30,1
BRF:0
BRH:0
LF:9
LH:9
end_of_record
SF:/home/jalhamer/Projects/braided/src/strand.rs
FN:118,_RNvNtNtCs6cvaDWuJQkR_7braided6strand5testss_24two_strands_can_be_added
FN:126,_RNvNtNtCs6cvaDWuJQkR_7braided6strand5testss_30a_u16_can_be_added_to_a_strand
FN:75,_RNvNtNtCs6cvaDWuJQkR_7braided6strand5testss_31valid_strand_can_be_constructed
FN:82,_RNvNtNtCs6cvaDWuJQkR_7braided6strand5testss_33zero_strand_cannot_be_constructed
FN:96,_RNvNtNtCs6cvaDWuJQkR_7braided6strand5testss_36invalid_subtraction_of_strands_fails
FN:88,_RNvNtNtCs6cvaDWuJQkR_7braided6strand5testss_37valid_subtraction_of_strands_succeeds
FN:111,_RNvNtNtCs6cvaDWuJQkR_7braided6strand5testss_44invalid_subtraction_of_u16_from_strand_fails
FN:104,_RNvNtNtCs6cvaDWuJQkR_7braided6strand5testss_45valid_subtraction_of_u16_from_strand_succeeds
FN:17,_RNvMNtCs6cvaDWuJQkR_7braided6strandNtB2_6Strand3new
FN:24,_RNvMNtCs6cvaDWuJQkR_7braided6strandNtB2_6Strand5index
FN:43,_RNvXs0_NtCs6cvaDWuJQkR_7braided6strandNtB5_6StrandINtNtNtCs4NRVxsYgnAr_4core3ops5arith3SubtE3sub
FN:54,_RNvXs1_NtCs6cvaDWuJQkR_7braided6strandNtB5_6StrandNtNtNtCs4NRVxsYgnAr_4core3ops5arith3Add3add
FN:62,_RNvXs2_NtCs6cvaDWuJQkR_7braided6strandNtB5_6StrandINtNtNtCs4NRVxsYgnAr_4core3ops5arith3AddtE3add
FN:32,_RNvXs_NtCs6cvaDWuJQkR_7braided6strandNtB4_6StrandNtNtNtCs4NRVxsYgnAr_4core3ops5arith3Sub3sub
FNDA:1,_RNvNtNtCs6cvaDWuJQkR_7braided6strand5testss_24two_strands_can_be_added
FNDA:1,_RNvNtNtCs6cvaDWuJQkR_7braided6strand5testss_30a_u16_can_be_added_to_a_strand
FNDA:1,_RNvNtNtCs6cvaDWuJQkR_7braided6strand5testss_31valid_strand_can_be_constructed
FNDA:1,_RNvNtNtCs6cvaDWuJQkR_7braided6strand5testss_33zero_strand_cannot_be_constructed
FNDA:1,_RNvNtNtCs6cvaDWuJQkR_7braided6strand5testss_36invalid_subtraction_of_strands_fails
FNDA:1,_RNvNtNtCs6cvaDWuJQkR_7braided6strand5testss_37valid_subtraction_of_strands_succeeds
FNDA:1,_RNvNtNtCs6cvaDWuJQkR_7braided6strand5testss_44invalid_subtraction_of_u16_from_strand_fails
FNDA:1,_RNvNtNtCs6cvaDWuJQkR_7braided6strand5testss_45valid_subtraction_of_u16_from_strand_succeeds
FNDA:559,_RNvMNtCs6cvaDWuJQkR_7braided6strandNtB2_6Strand3new
FNDA:386,_RNvMNtCs6cvaDWuJQkR_7braided6strandNtB2_6Strand5index
FNDA:2,_RNvXs0_NtCs6cvaDWuJQkR_7braided6strandNtB5_6StrandINtNtNtCs4NRVxsYgnAr_4core3ops5arith3SubtE3sub
FNDA:1,_RNvXs1_NtCs6cvaDWuJQkR_7braided6strandNtB5_6StrandNtNtNtCs4NRVxsYgnAr_4core3ops5arith3Add3add
FNDA:858,_RNvXs2_NtCs6cvaDWuJQkR_7braided6strandNtB5_6StrandINtNtNtCs4NRVxsYgnAr_4core3ops5arith3AddtE3add
FNDA:2,_RNvXs_NtCs6cvaDWuJQkR_7braided6strandNtB4_6StrandNtNtNtCs4NRVxsYgnAr_4core3ops5arith3Sub3sub
FNF:14
FNH:14
DA:17,559
DA:18,559
DA:19,2
DA:20,557
DA:21,557
DA:22,559
DA:24,386
DA:25,386
DA:26,386
DA:32,2
DA:33,2
DA:34,1
DA:35,1
DA:36,1
DA:37,2
DA:43,2
DA:44,2
DA:45,1
DA:46,1
DA:47,1
DA:48,2
DA:54,1
DA:55,1
DA:56,1
DA:62,858
DA:63,858
DA:64,858
DA:75,1
DA:76,1
DA:77,1
DA:78,1
DA:79,1
DA:82,1
DA:83,1
DA:84,1
DA:85,1
DA:88,1
DA:89,1
DA:90,1
DA:91,1
DA:92,1
DA:93,1
DA:96,1
DA:97,1
DA:98,1
DA:99,1
DA:100,1
DA:101,1
DA:104,1
DA:105,1
DA:106,1
DA:107,1
DA:108,1
DA:111,1
DA:112,1
DA:113,1
DA:114,1
DA:115,1
DA:118,1
DA:119,1
DA:120,1
DA:121,1
DA:122,1
DA:123,1
DA:126,1
DA:127,1
DA:128,1
DA:129,1
DA:130,1
BRF:0
BRH:0
LF:69
LH:69
end_of_record