SF:/home/jalhamer/Projects/braided/src/braid.rs
FN:28,_RINvMNtCs4xCVAOjCLfC_7braided5braidNtB3_5Braid3newlEB5_
FN:28,_RINvMNtCs4xCVAOjCLfC_7braided5braidNtB3_5Braid3newmEB5_
FN:28,_RINvMNtCs4xCVAOjCLfC_7braided5braidNtB3_5Braid3newtEB5_
FN:67,_RINvMNtCs4xCVAOjCLfC_7braided5braidNtB3_5Braid7triviallEB5_
FN:50,_RINvMNtCs4xCVAOjCLfC_7braided5braidNtB3_5Braid9from_datalINtNtCscdodAO9FK5_5alloc3vec3VecTtINtNtCs4NRVxsYgnAr_4core6option6OptiontENtNtB5_4sign4SignEEttEB5_
FN:50,_RINvMNtCs4xCVAOjCLfC_7braided5braidNtB3_5Braid9from_datalNtNtB5_4word4WordttEB5_
FN:50,_RINvMNtCs4xCVAOjCLfC_7braided5braidNtB3_5Braid9from_datamNtNtB5_4word4WordttEB5_
FN:50,_RINvMNtCs4xCVAOjCLfC_7braided5braidNtB3_5Braid9from_datatINtNtCscdodAO9FK5_5alloc3vec3VecTlINtNtCs4NRVxsYgnAr_4core6option6OptionlENtNtB5_4sign4SignEEllEB5_
FN:50,_RINvMNtCs4xCVAOjCLfC_7braided5braidNtB3_5Braid9from_datatINtNtCscdodAO9FK5_5alloc3vec3VecTlINtNtCs4NRVxsYgnAr_4core6option6OptiontENtNtB5_4sign4SignEEltEB5_
FN:50,_RINvMNtCs4xCVAOjCLfC_7braided5braidNtB3_5Braid9from_datatINtNtCscdodAO9FK5_5alloc3vec3VecTmINtNtCs4NRVxsYgnAr_4core6option6OptionlENtNtB5_4sign4SignEEmlEB5_
FN:132,_RNvXs0_NtCs4xCVAOjCLfC_7braided5braidNtB5_5BraidINtNtCs4NRVxsYgnAr_4core7convert4FromNtNtB7_4word4WordE4from
FN:106,_RNCNvMNtCs4xCVAOjCLfC_7braided5braidNtB4_5Braid12artin_length0B6_
FN:92,_RNCNvMNtCs4xCVAOjCLfC_7braided5braidNtB4_5Braid6writhe0B6_
FN:104,_RNvMNtCs4xCVAOjCLfC_7braided5braidNtB2_5Braid12artin_length
FN:100,_RNvMNtCs4xCVAOjCLfC_7braided5braidNtB2_5Braid13letter_length
FN:88,_RNvMNtCs4xCVAOjCLfC_7braided5braidNtB2_5Braid28minimal_required_braid_index
FN:117,_RNvMNtCs4xCVAOjCLfC_7braided5braidNtB2_5Braid4word
FN:114,_RNvMNtCs4xCVAOjCLfC_7braided5braidNtB2_5Braid5index
FN:91,_RNvMNtCs4xCVAOjCLfC_7braided5braidNtB2_5Braid6writhe
FN:108,_RNvMNtCs4xCVAOjCLfC_7braided5braidNtB2_5Braid7inverse
FN:120,_RNvMNtCs4xCVAOjCLfC_7braided5braidNtB2_5Braid7letters
FN:81,_RNvMNtCs4xCVAOjCLfC_7braided5braidNtB2_5Braid8coalesce
FN:75,_RNvMNtCs4xCVAOjCLfC_7braided5braidNtB2_5Braid9decompose
FN:150,_RNvXININtCs4xCVAOjCLfC_7braided5braids2_0pENtB5_5BraidINtNtCs4NRVxsYgnAr_4core7convert7TryFromINtNtCscdodAO9FK5_5alloc3vec3VecpEE8try_fromB7_
FN:162,_RNvXININtCs4xCVAOjCLfC_7braided5braids3_0pENtB5_5BraidINtNtCs4NRVxsYgnAr_4core7convert7TryFromRSpE8try_fromB7_
FN:140,_RNvXs1_NtCs4xCVAOjCLfC_7braided5braidNtB5_5BraidINtNtCs4NRVxsYgnAr_4core7convert4FromRNtNtB7_4word4WordE4from
FN:171,_RNvXs4_NtCs4xCVAOjCLfC_7braided5braidNtB5_5BraidNtNtNtNtCs4NRVxsYgnAr_4core4iter6traits7collect12IntoIterator9into_iter
FN:178,_RNvXs5_NtCs4xCVAOjCLfC_7braided5braidNtB5_5BraidNtNtNtCs4NRVxsYgnAr_4core3ops5deref5Deref5deref
FN:183,_RNvXs6_NtCs4xCVAOjCLfC_7braided5braidNtB5_5BraidINtNtCs4NRVxsYgnAr_4core7convert5AsRefSNtNtB7_6letter6LetterE6as_ref
FN:190,_RNvXs7_NtCs4xCVAOjCLfC_7braided5braidNtB5_5BraidINtNtNtCs4NRVxsYgnAr_4core3ops5arith3MulNtNtB7_6letter6LetterE3mul
FN:209,_RNvXs8_NtCs4xCVAOjCLfC_7braided5braidNtNtB7_6letter6LetterINtNtNtCs4NRVxsYgnAr_4core3ops5arith3MulNtB5_5BraidE3mul
FN:227,_RNvXs9_NtCs4xCVAOjCLfC_7braided5braidNtB5_5BraidINtNtNtCs4NRVxsYgnAr_4core3ops5arith3MulNtNtB7_4word4WordE3mul
FN:126,_RNvXs_NtCs4xCVAOjCLfC_7braided5braidNtB4_5BraidNtNtCs4NRVxsYgnAr_4core7default7Default7default
FN:246,_RNvXsa_NtCs4xCVAOjCLfC_7braided5braidNtNtB7_4word4WordINtNtNtCs4NRVxsYgnAr_4core3ops5arith3MulNtB5_5BraidE3mul
FN:264,_RNvXsb_NtCs4xCVAOjCLfC_7braided5braidNtB5_5BraidNtNtNtCs4NRVxsYgnAr_4core3ops5arith3Mul3mul
FNDA:10,_RINvMNtCs4xCVAOjCLfC_7braided5braidNtB3_5Braid3newlEB5_
FNDA:2,_RINvMNtCs4xCVAOjCLfC_7braided5braidNtB3_5Braid3newmEB5_
FNDA:0,_RINvMNtCs4xCVAOjCLfC_7braided5braidNtB3_5Braid3newtEB5_
FNDA:2,_RINvMNtCs4xCVAOjCLfC_7braided5braidNtB3_5Braid7triviallEB5_
FNDA:2,_RINvMNtCs4xCVAOjCLfC_7braided5braidNtB3_5Braid9from_datalINtNtCscdodAO9FK5_5alloc3vec3VecTtINtNtCs4NRVxsYgnAr_4core6option6OptiontENtNtB5_4sign4SignEEttEB5_
FNDA:4,_RINvMNtCs4xCVAOjCLfC_7braided5braidNtB3_5Braid9from_datalNtNtB5_4word4WordttEB5_
FNDA:1,_RINvMNtCs4xCVAOjCLfC_7braided5braidNtB3_5Braid9from_datamNtNtB5_4word4WordttEB5_
FNDA:4,_RINvMNtCs4xCVAOjCLfC_7braided5braidNtB3_5Braid9from_datatINtNtCscdodAO9FK5_5alloc3vec3VecTlINtNtCs4NRVxsYgnAr_4core6option6OptionlENtNtB5_4sign4SignEEllEB5_
FNDA:1,_RINvMNtCs4xCVAOjCLfC_7braided5braidNtB3_5Braid9from_datatINtNtCscdodAO9FK5_5alloc3vec3VecTlINtNtCs4NRVxsYgnAr_4core6option6OptiontENtNtB5_4sign4SignEEltEB5_
FNDA:1,_RINvMNtCs4xCVAOjCLfC_7braided5braidNtB3_5Braid9from_datatINtNtCscdodAO9FK5_5alloc3vec3VecTmINtNtCs4NRVxsYgnAr_4core6option6OptionlENtNtB5_4sign4SignEEmlEB5_
FNDA:2,_RNvXs0_NtCs4xCVAOjCLfC_7braided5braidNtB5_5BraidINtNtCs4NRVxsYgnAr_4core7convert4FromNtNtB7_4word4WordE4from
FNDA:0,_RNCNvMNtCs4xCVAOjCLfC_7braided5braidNtB4_5Braid12artin_length0B6_
FNDA:0,_RNCNvMNtCs4xCVAOjCLfC_7braided5braidNtB4_5Braid6writhe0B6_
FNDA:0,_RNvMNtCs4xCVAOjCLfC_7braided5braidNtB2_5Braid12artin_length
FNDA:0,_RNvMNtCs4xCVAOjCLfC_7braided5braidNtB2_5Braid13letter_length
FNDA:0,_RNvMNtCs4xCVAOjCLfC_7braided5braidNtB2_5Braid28minimal_required_braid_index
FNDA:0,_RNvMNtCs4xCVAOjCLfC_7braided5braidNtB2_5Braid4word
FNDA:0,_RNvMNtCs4xCVAOjCLfC_7braided5braidNtB2_5Braid5index
FNDA:0,_RNvMNtCs4xCVAOjCLfC_7braided5braidNtB2_5Braid6writhe
FNDA:0,_RNvMNtCs4xCVAOjCLfC_7braided5braidNtB2_5Braid7inverse
FNDA:0,_RNvMNtCs4xCVAOjCLfC_7braided5braidNtB2_5Braid7letters
FNDA:0,_RNvMNtCs4xCVAOjCLfC_7braided5braidNtB2_5Braid8coalesce
FNDA:0,_RNvMNtCs4xCVAOjCLfC_7braided5braidNtB2_5Braid9decompose
FNDA:0,_RNvXININtCs4xCVAOjCLfC_7braided5braids2_0pENtB5_5BraidINtNtCs4NRVxsYgnAr_4core7convert7TryFromINtNtCscdodAO9FK5_5alloc3vec3VecpEE8try_fromB7_
FNDA:0,_RNvXININtCs4xCVAOjCLfC_7braided5braids3_0pENtB5_5BraidINtNtCs4NRVxsYgnAr_4core7convert7TryFromRSpE8try_fromB7_
FNDA:0,_RNvXs1_NtCs4xCVAOjCLfC_7braided5braidNtB5_5BraidINtNtCs4NRVxsYgnAr_4core7convert4FromRNtNtB7_4word4WordE4from
FNDA:0,_RNvXs4_NtCs4xCVAOjCLfC_7braided5braidNtB5_5BraidNtNtNtNtCs4NRVxsYgnAr_4core4iter6traits7collect12IntoIterator9into_iter
FNDA:0,_RNvXs5_NtCs4xCVAOjCLfC_7braided5braidNtB5_5BraidNtNtNtCs4NRVxsYgnAr_4core3ops5deref5Deref5deref
FNDA:0,_RNvXs6_NtCs4xCVAOjCLfC_7braided5braidNtB5_5BraidINtNtCs4NRVxsYgnAr_4core7convert5AsRefSNtNtB7_6letter6LetterE6as_ref
FNDA:0,_RNvXs7_NtCs4xCVAOjCLfC_7braided5braidNtB5_5BraidINtNtNtCs4NRVxsYgnAr_4core3ops5arith3MulNtNtB7_6letter6LetterE3mul
FNDA:0,_RNvXs8_NtCs4xCVAOjCLfC_7braided5braidNtNtB7_6letter6LetterINtNtNtCs4NRVxsYgnAr_4core3ops5arith3MulNtB5_5BraidE3mul
FNDA:0,_RNvXs9_NtCs4xCVAOjCLfC_7braided5braidNtB5_5BraidINtNtNtCs4NRVxsYgnAr_4core3ops5arith3MulNtNtB7_4word4WordE3mul
FNDA:0,_RNvXs_NtCs4xCVAOjCLfC_7braided5braidNtB4_5BraidNtNtCs4NRVxsYgnAr_4core7default7Default7default
FNDA:0,_RNvXsa_NtCs4xCVAOjCLfC_7braided5braidNtNtB7_4word4WordINtNtNtCs4NRVxsYgnAr_4core3ops5arith3MulNtB5_5BraidE3mul
FNDA:0,_RNvXsb_NtCs4xCVAOjCLfC_7braided5braidNtB5_5BraidNtNtNtCs4NRVxsYgnAr_4core3ops5arith3Mul3mul
FNF:28
FNH:4
DA:28,12
DA:29,12
DA:30,12
DA:31,12
DA:33,12
DA:34,12
DA:35,12
DA:37,0
DA:40,6
DA:41,2
DA:42,2
DA:43,2
DA:44,2
DA:46,4
DA:48,12
DA:50,13
DA:51,13
DA:52,13
DA:53,13
DA:54,13
DA:55,13
DA:56,13
DA:57,13
DA:58,13
DA:59,13
DA:60,13
DA:61,13
DA:62,13
DA:64,13
DA:65,7
DA:66,13
DA:67,2
DA:68,2
DA:69,2
DA:70,2
DA:72,2
DA:73,2
DA:75,0
DA:76,0
DA:77,0
DA:78,0
DA:79,0
DA:80,0
DA:81,0
DA:82,0
DA:83,0
DA:84,0
DA:85,0
DA:86,0
DA:88,0
DA:89,0
DA:90,0
DA:91,0
DA:92,0
DA:93,0
DA:94,0
DA:96,0
DA:98,0
DA:99,0
DA:100,0
DA:102,0
DA:103,0
DA:104,0
DA:106,0
DA:107,0
DA:108,0
DA:109,0
DA:110,0
DA:111,0
DA:112,0
DA:113,0
DA:114,0
DA:115,0
DA:116,0
DA:117,0
DA:118,0
DA:119,0
DA:120,0
DA:121,0
DA:122,0
DA:126,0
DA:127,0
DA:128,0
DA:132,2
DA:133,2
DA:134,2
DA:135,2
DA:136,2
DA:137,2
DA:140,0
DA:141,0
DA:142,0
DA:150,0
DA:151,0
DA:152,0
DA:154,0
DA:155,0
DA:162,0
DA:163,0
DA:164,0
DA:171,0
DA:172,0
DA:173,0
DA:178,0
DA:179,0
DA:180,0
DA:183,0
DA:184,0
DA:185,0
DA:190,0
DA:191,0
DA:192,0
DA:194,0
DA:195,0
DA:196,0
DA:197,0
DA:200,0
DA:201,0
DA:204,0
DA:209,0
DA:210,0
DA:211,0
DA:213,0
DA:214,0
DA:215,0
DA:216,0
DA:219,0
DA:220,0
DA:223,0
DA:227,0
DA:228,0
DA:229,0
DA:231,0
DA:232,0
DA:233,0
DA:234,0
DA:237,0
DA:238,0
DA:241,0
DA:246,0
DA:247,0
DA:248,0
DA:250,0
DA:251,0
DA:252,0
DA:253,0
DA:256,0
DA:257,0
DA:260,0
DA:264,0
DA:265,0
DA:266,0
DA:267,0
DA:268,0
DA:269,0
DA:272,0
DA:273,0
DA:276,0
BRF:0
BRH:0
LF:160
LH:42
end_of_record
SF:/home/jalhamer/Projects/braided/src/generators/artin.rs
FN:327,_RNvNtNtNtCs4xCVAOjCLfC_7braided10generators5artin5testss_42valid_inputs_yield_successful_construction
FN:201,_RINvMNtNtCs4xCVAOjCLfC_7braided10generators5artinNtB3_14ArtinGenerator3newNtNtB7_6strand6StrandEB7_
FN:201,_RINvMNtNtCs4xCVAOjCLfC_7braided10generators5artinNtB3_14ArtinGenerator3newiEB7_
FN:201,_RINvMNtNtCs4xCVAOjCLfC_7braided10generators5artinNtB3_14ArtinGenerator3newjEB7_
FN:201,_RINvMNtNtCs4xCVAOjCLfC_7braided10generators5artinNtB3_14ArtinGenerator3newlEB7_
FN:201,_RINvMNtNtCs4xCVAOjCLfC_7braided10generators5artinNtB3_14ArtinGenerator3newmEB7_
FN:201,_RINvMNtNtCs4xCVAOjCLfC_7braided10generators5artinNtB3_14ArtinGenerator3newtEB7_
FN:288,_RNvMNtNtCs4xCVAOjCLfC_7braided10generators5artinNtB2_14ArtinGenerator28minimal_required_braid_index
FN:225,_RNvMNtNtCs4xCVAOjCLfC_7braided10generators5artinNtB2_14ArtinGenerator4foot
FN:254,_RNvMNtNtCs4xCVAOjCLfC_7braided10generators5artinNtB2_14ArtinGenerator4head
FN:239,_RNvMNtNtCs4xCVAOjCLfC_7braided10generators5artinNtB2_14ArtinGenerator4sign
FN:268,_RNvMNtNtCs4xCVAOjCLfC_7braided10generators5artinNtB2_14ArtinGenerator7inverse
FN:310,_RNvXs0_NtNtCs4xCVAOjCLfC_7braided10generators5artinNtB5_14ArtinGeneratorINtNtCs4NRVxsYgnAr_4core7convert7TryFromNtNtB9_6letter6LetterE8try_from
FN:296,_RNvXs_NtNtCs4xCVAOjCLfC_7braided10generators5artinNtB4_14ArtinGeneratorINtNtCs4NRVxsYgnAr_4core7convert7TryFromNtNtB6_4band13BandGeneratorE8try_from
FNDA:1,_RNvNtNtNtCs4xCVAOjCLfC_7braided10generators5artin5testss_42valid_inputs_yield_successful_construction
FNDA:34,_RINvMNtNtCs4xCVAOjCLfC_7braided10generators5artinNtB3_14ArtinGenerator3newNtNtB7_6strand6StrandEB7_
FNDA:1,_RINvMNtNtCs4xCVAOjCLfC_7braided10generators5artinNtB3_14ArtinGenerator3newiEB7_
FNDA:2,_RINvMNtNtCs4xCVAOjCLfC_7braided10generators5artinNtB3_14ArtinGenerator3newjEB7_
FNDA:131265,_RINvMNtNtCs4xCVAOjCLfC_7braided10generators5artinNtB3_14ArtinGenerator3newlEB7_
FNDA:11,_RINvMNtNtCs4xCVAOjCLfC_7braided10generators5artinNtB3_14ArtinGenerator3newmEB7_
FNDA:38,_RINvMNtNtCs4xCVAOjCLfC_7braided10generators5artinNtB3_14ArtinGenerator3newtEB7_
FNDA:52,_RNvMNtNtCs4xCVAOjCLfC_7braided10generators5artinNtB2_14ArtinGenerator28minimal_required_braid_index
FNDA:139,_RNvMNtNtCs4xCVAOjCLfC_7braided10generators5artinNtB2_14ArtinGenerator4foot
FNDA:56,_RNvMNtNtCs4xCVAOjCLfC_7braided10generators5artinNtB2_14ArtinGenerator4head
FNDA:93,_RNvMNtNtCs4xCVAOjCLfC_7braided10generators5artinNtB2_14ArtinGenerator4sign
FNDA:42,_RNvMNtNtCs4xCVAOjCLfC_7braided10generators5artinNtB2_14ArtinGenerator7inverse
FNDA:16,_RNvXs0_NtNtCs4xCVAOjCLfC_7braided10generators5artinNtB5_14ArtinGeneratorINtNtCs4NRVxsYgnAr_4core7convert7TryFromNtNtB9_6letter6LetterE8try_from
FNDA:4,_RNvXs_NtNtCs4xCVAOjCLfC_7braided10generators5artinNtB4_14ArtinGeneratorINtNtCs4NRVxsYgnAr_4core7convert7TryFromNtNtB6_4band13BandGeneratorE8try_from
FNF:9
FNH:9
DA:201,131351
DA:202,131351
DA:203,131351
DA:204,131351
DA:206,131351
DA:207,131334
DA:208,1
DA:210,131333
DA:212,131351
DA:225,139
DA:226,139
DA:227,139
DA:239,93
DA:240,93
DA:241,93
DA:254,56
DA:255,56
DA:256,56
DA:268,42
DA:269,42
DA:270,42
DA:271,42
DA:272,42
DA:273,42
DA:288,52
DA:289,52
DA:290,52
DA:296,4
DA:297,4
DA:298,2
DA:299,2
DA:300,2
DA:301,2
DA:303,2
DA:305,4
DA:310,16
DA:311,16
DA:312,14
DA:313,2
DA:315,16
DA:327,1
DA:328,1
DA:329,1
DA:330,1
DA:331,1
DA:332,1
DA:333,1
DA:334,1
DA:335,1
DA:336,1
DA:337,1
DA:338,1
DA:339,1
BRF:0
BRH:0
LF:53
LH:53
end_of_record
SF:/home/jalhamer/Projects/braided/src/generators/band.rs
FN:1002,_RNvNtNtNtCs4xCVAOjCLfC_7braided10generators4band5testss_48valid_inputs_to_from_yield_expected_construction
FN:989,_RNvNtNtNtCs4xCVAOjCLfC_7braided10generators4band5testss_49valid_inputs_to_new_yield_successful_construction
FN:874,_RNvMNtNtCs4xCVAOjCLfC_7braided10generators4bandNtB2_13BandGenerator12artin_length
FN:857,_RNvMNtNtCs4xCVAOjCLfC_7braided10generators4bandNtB2_13BandGenerator28minimal_required_braid_index
FN:757,_RNvMNtNtCs4xCVAOjCLfC_7braided10generators4bandNtB2_13BandGenerator4foot
FN:771,_RNvMNtNtCs4xCVAOjCLfC_7braided10generators4bandNtB2_13BandGenerator4head
FN:785,_RNvMNtNtCs4xCVAOjCLfC_7braided10generators4bandNtB2_13BandGenerator4sign
FN:824,_RNvMNtNtCs4xCVAOjCLfC_7braided10generators4bandNtB2_13BandGenerator6height
FN:803,_RNvMNtNtCs4xCVAOjCLfC_7braided10generators4bandNtB2_13BandGenerator7inverse
FN:635,_RNvMNtNtCs4xCVAOjCLfC_7braided10generators4bandNtB2_13BandGenerator8coalesce
FN:840,_RNvMNtNtCs4xCVAOjCLfC_7braided10generators4bandNtB2_13BandGenerator8is_artin
FN:947,_RNvMNtNtCs4xCVAOjCLfC_7braided10generators4bandNtB2_13BandGenerator9decompose
FN:971,_RNvXs0_NtNtCs4xCVAOjCLfC_7braided10generators4bandNtB5_13BandGeneratorINtNtCs4NRVxsYgnAr_4core7convert4FromNtNtB9_6letter6LetterE4from
FN:962,_RNvXs_NtNtCs4xCVAOjCLfC_7braided10generators4bandNtB4_13BandGeneratorINtNtCs4NRVxsYgnAr_4core7convert4FromNtNtB6_5artin14ArtinGeneratorE4from
FN:544,_RINvMNtNtCs4xCVAOjCLfC_7braided10generators4bandNtB3_13BandGenerator3newNtNtB7_6strand6StrandB18_EB7_
FN:544,_RINvMNtNtCs4xCVAOjCLfC_7braided10generators4bandNtB3_13BandGenerator3newNtNtB7_6strand6StrandmEB7_
FN:544,_RINvMNtNtCs4xCVAOjCLfC_7braided10generators4bandNtB3_13BandGenerator3newNtNtB7_6strand6StrandtEB7_
FN:544,_RINvMNtNtCs4xCVAOjCLfC_7braided10generators4bandNtB3_13BandGenerator3newiNtNtB7_6strand6StrandEB7_
FN:544,_RINvMNtNtCs4xCVAOjCLfC_7braided10generators4bandNtB3_13BandGenerator3newjiEB7_
FN:544,_RINvMNtNtCs4xCVAOjCLfC_7braided10generators4bandNtB3_13BandGenerator3newjtEB7_
FN:544,_RINvMNtNtCs4xCVAOjCLfC_7braided10generators4bandNtB3_13BandGenerator3newlNtNtB7_6strand6StrandEB7_
FN:544,_RINvMNtNtCs4xCVAOjCLfC_7braided10generators4bandNtB3_13BandGenerator3newljEB7_
FN:544,_RINvMNtNtCs4xCVAOjCLfC_7braided10generators4bandNtB3_13BandGenerator3newllEB7_
FN:544,_RINvMNtNtCs4xCVAOjCLfC_7braided10generators4bandNtB3_13BandGenerator3newlmEB7_
FN:544,_RINvMNtNtCs4xCVAOjCLfC_7braided10generators4bandNtB3_13BandGenerator3newltEB7_
FN:544,_RINvMNtNtCs4xCVAOjCLfC_7braided10generators4bandNtB3_13BandGenerator3newmlEB7_
FN:544,_RINvMNtNtCs4xCVAOjCLfC_7braided10generators4bandNtB3_13BandGenerator3newmtEB7_
FN:544,_RINvMNtNtCs4xCVAOjCLfC_7braided10generators4bandNtB3_13BandGenerator3newttEB7_
FN:956,_RNCNvMNtNtCs4xCVAOjCLfC_7braided10generators4bandNtB4_13BandGenerator9decompose0B8_
FNDA:1,_RNvNtNtNtCs4xCVAOjCLfC_7braided10generators4band5testss_48valid_inputs_to_from_yield_expected_construction
FNDA:1,_RNvNtNtNtCs4xCVAOjCLfC_7braided10generators4band5testss_49valid_inputs_to_new_yield_successful_construction
FNDA:196995,_RNvMNtNtCs4xCVAOjCLfC_7braided10generators4bandNtB2_13BandGenerator12artin_length
FNDA:54,_RNvMNtNtCs4xCVAOjCLfC_7braided10generators4bandNtB2_13BandGenerator28minimal_required_braid_index
FNDA:53,_RNvMNtNtCs4xCVAOjCLfC_7braided10generators4bandNtB2_13BandGenerator4foot
FNDA:31,_RNvMNtNtCs4xCVAOjCLfC_7braided10generators4bandNtB2_13BandGenerator4head
FNDA:47,_RNvMNtNtCs4xCVAOjCLfC_7braided10generators4bandNtB2_13BandGenerator4sign
FNDA:394039,_RNvMNtNtCs4xCVAOjCLfC_7braided10generators4bandNtB2_13BandGenerator6height
FNDA:59,_RNvMNtNtCs4xCVAOjCLfC_7braided10generators4bandNtB2_13BandGenerator7inverse
FNDA:20,_RNvMNtNtCs4xCVAOjCLfC_7braided10generators4bandNtB2_13BandGenerator8coalesce
FNDA:52,_RNvMNtNtCs4xCVAOjCLfC_7braided10generators4bandNtB2_13BandGenerator8is_artin
FNDA:6,_RNvMNtNtCs4xCVAOjCLfC_7braided10generators4bandNtB2_13BandGenerator9decompose
FNDA:2,_RNvXs0_NtNtCs4xCVAOjCLfC_7braided10generators4bandNtB5_13BandGeneratorINtNtCs4NRVxsYgnAr_4core7convert4FromNtNtB9_6letter6LetterE4from
FNDA:10,_RNvXs_NtNtCs4xCVAOjCLfC_7braided10generators4bandNtB4_13BandGeneratorINtNtCs4NRVxsYgnAr_4core7convert4FromNtNtB6_5artin14ArtinGeneratorE4from
FNDA:1,_RINvMNtNtCs4xCVAOjCLfC_7braided10generators4bandNtB3_13BandGenerator3newNtNtB7_6strand6StrandB18_EB7_
FNDA:1,_RINvMNtNtCs4xCVAOjCLfC_7braided10generators4bandNtB3_13BandGenerator3newNtNtB7_6strand6StrandmEB7_
FNDA:0,_RINvMNtNtCs4xCVAOjCLfC_7braided10generators4bandNtB3_13BandGenerator3newNtNtB7_6strand6StrandtEB7_
FNDA:1,_RINvMNtNtCs4xCVAOjCLfC_7braided10generators4bandNtB3_13BandGenerator3newiNtNtB7_6strand6StrandEB7_
FNDA:1,_RINvMNtNtCs4xCVAOjCLfC_7braided10generators4bandNtB3_13BandGenerator3newjiEB7_
FNDA:0,_RINvMNtNtCs4xCVAOjCLfC_7braided10generators4bandNtB3_13BandGenerator3newjtEB7_
FNDA:1,_RINvMNtNtCs4xCVAOjCLfC_7braided10generators4bandNtB3_13BandGenerator3newlNtNtB7_6strand6StrandEB7_
FNDA:1,_RINvMNtNtCs4xCVAOjCLfC_7braided10generators4bandNtB3_13BandGenerator3newljEB7_
FNDA:65656,_RINvMNtNtCs4xCVAOjCLfC_7braided10generators4bandNtB3_13BandGenerator3newllEB7_
FNDA:1,_RINvMNtNtCs4xCVAOjCLfC_7braided10generators4bandNtB3_13BandGenerator3newlmEB7_
FNDA:7,_RINvMNtNtCs4xCVAOjCLfC_7braided10generators4bandNtB3_13BandGenerator3newltEB7_
FNDA:6,_RINvMNtNtCs4xCVAOjCLfC_7braided10generators4bandNtB3_13BandGenerator3newmlEB7_
FNDA:0,_RINvMNtNtCs4xCVAOjCLfC_7braided10generators4bandNtB3_13BandGenerator3newmtEB7_
FNDA:31,_RINvMNtNtCs4xCVAOjCLfC_7braided10generators4bandNtB3_13BandGenerator3newttEB7_
FNDA:7,_RNCNvMNtNtCs4xCVAOjCLfC_7braided10generators4bandNtB4_13BandGenerator9decompose0B8_
FNF:16
FNH:16
DA:544,65707
DA:545,65707
DA:546,65707
DA:547,65707
DA:548,65707
DA:549,65707
DA:550,65707
DA:552,65707
DA:553,65697
DA:554,65696
DA:556,65684
DA:557,65684
DA:558,1
DA:560,65683
DA:563,1
DA:564,11
DA:566,65707
DA:635,20
DA:636,20
DA:638,20
DA:639,1
DA:640,19
DA:641,3
DA:642,3
DA:643,3
DA:644,3
DA:645,3
DA:646,3
DA:647,16
DA:648,1
DA:649,15
DA:650,1
DA:651,1
DA:652,1
DA:653,14
DA:655,14
DA:656,14
DA:657,14
DA:658,14
DA:660,14
DA:661,14
DA:662,14
DA:664,21
DA:666,21
DA:668,10
DA:669,10
DA:670,8
DA:671,8
DA:672,2
DA:673,2
DA:674,2
DA:675,2
DA:676,2
DA:677,2
DA:678,2
DA:682,11
DA:683,11
DA:684,9
DA:685,9
DA:686,2
DA:687,2
DA:688,2
DA:689,2
DA:690,2
DA:691,2
DA:692,2
DA:696,17
DA:698,10
DA:699,10
DA:700,9
DA:701,9
DA:702,1
DA:703,1
DA:704,1
DA:705,1
DA:706,1
DA:707,1
DA:708,1
DA:712,7
DA:713,7
DA:714,6
DA:715,6
DA:716,1
DA:717,1
DA:718,1
DA:719,1
DA:720,1
DA:721,1
DA:722,1
DA:729,8
DA:730,8
DA:731,8
DA:732,8
DA:734,1
DA:735,1
DA:736,1
DA:737,7
DA:739,7
DA:740,7
DA:741,7
DA:743,7
DA:744,20
DA:757,53
DA:758,53
DA:759,53
DA:771,31
DA:772,31
DA:773,31
DA:785,47
DA:786,47
DA:787,47
DA:803,59
DA:804,59
DA:805,59
DA:806,59
DA:807,59
DA:808,59
DA:809,59
DA:824,394039
DA:825,394039
DA:826,394039
DA:840,52
DA:841,52
DA:842,52
DA:857,54
DA:858,54
DA:859,54
DA:874,196995
DA:875,196995
DA:876,7
DA:878,196988
DA:880,196995
DA:947,6
DA:949,6
DA:950,6
DA:951,6
DA:952,6
DA:953,7
DA:954,7
DA:955,7
DA:956,7
DA:957,6
DA:958,6
DA:962,10
DA:963,10
DA:964,10
DA:965,10
DA:966,10
DA:967,10
DA:968,10
DA:971,2
DA:972,2
DA:973,1
DA:974,1
DA:976,2
DA:989,1
DA:990,1
DA:991,1
DA:992,1
DA:993,1
DA:994,1
DA:995,1
DA:996,1
DA:998,1
DA:999,1
DA:1002,1
DA:1003,1
DA:1004,1
DA:1005,1
DA:1006,1
DA:1007,1
DA:1008,1
DA:1010,1
DA:1011,1
BRF:0
BRH:0
LF:175
LH:174
end_of_record
SF:/home/jalhamer/Projects/braided/src/index.rs
FN:189,_RNvXs0_NtCs4xCVAOjCLfC_7braided5indexNtB5_10BraidIndexINtNtCs4NRVxsYgnAr_4core7convert4FromNtNtB7_6strand6StrandE4from
FN:194,_RNvXs1_NtCs4xCVAOjCLfC_7braided5indextINtNtCs4NRVxsYgnAr_4core7convert4FromNtB5_10BraidIndexE4from
FN:202,_RNvXs2_NtCs4xCVAOjCLfC_7braided5indexNtB5_10BraidIndexNtNtNtCs4NRVxsYgnAr_4core3ops5deref5Deref5deref
FN:207,_RNvXs3_NtCs4xCVAOjCLfC_7braided5indexNtB5_10BraidIndexINtNtCs4NRVxsYgnAr_4core7convert5AsReftE6as_ref
FN:180,_RNvXs_NtCs4xCVAOjCLfC_7braided5indexNtB4_10BraidIndexINtNtCs4NRVxsYgnAr_4core7convert7TryFromtE8try_from
FN:169,_RINvMNtCs4xCVAOjCLfC_7braided5indexNtB3_10BraidIndex3newBx_EB5_
FN:169,_RINvMNtCs4xCVAOjCLfC_7braided5indexNtB3_10BraidIndex3newNtNtB5_6strand6StrandEB5_
FN:169,_RINvMNtCs4xCVAOjCLfC_7braided5indexNtB3_10BraidIndex3newlEB5_
FN:169,_RINvMNtCs4xCVAOjCLfC_7braided5indexNtB3_10BraidIndex3newmEB5_
FN:169,_RINvMNtCs4xCVAOjCLfC_7braided5indexNtB3_10BraidIndex3newtEB5_
FN:232,_RNvNtNtCs4xCVAOjCLfC_7braided5index5testss_13derefs_to_u16
FN:245,_RNvNtNtCs4xCVAOjCLfC_7braided5index5testss_25can_coerce_index_into_u16
FN:260,_RNvNtNtCs4xCVAOjCLfC_7braided5index5testss_31can_be_used_as_reference_to_u16
FN:219,_RNvNtNtCs4xCVAOjCLfC_7braided5index5testss_42valid_input_yields_successful_construction
FN:261,_RINvNvNtNtCs4xCVAOjCLfC_7braided5index5testss_31can_be_used_as_reference_to_u1613as_ref_testerNtB6_10BraidIndexEB8_
FN:275,_RNCNvNtNtCs4xCVAOjCLfC_7braided5index5testss_31can_be_used_as_reference_to_u160B7_
FNDA:4,_RNvXs0_NtCs4xCVAOjCLfC_7braided5indexNtB5_10BraidIndexINtNtCs4NRVxsYgnAr_4core7convert4FromNtNtB7_6strand6StrandE4from
FNDA:13,_RNvXs1_NtCs4xCVAOjCLfC_7braided5indextINtNtCs4NRVxsYgnAr_4core7convert4FromNtB5_10BraidIndexE4from
FNDA:10,_RNvXs2_NtCs4xCVAOjCLfC_7braided5indexNtB5_10BraidIndexNtNtNtCs4NRVxsYgnAr_4core3ops5deref5Deref5deref
FNDA:5,_RNvXs3_NtCs4xCVAOjCLfC_7braided5indexNtB5_10BraidIndexINtNtCs4NRVxsYgnAr_4core7convert5AsReftE6as_ref
FNDA:163,_RNvXs_NtCs4xCVAOjCLfC_7braided5indexNtB4_10BraidIndexINtNtCs4NRVxsYgnAr_4core7convert7TryFromtE8try_from
FNDA:4,_RINvMNtCs4xCVAOjCLfC_7braided5indexNtB3_10BraidIndex3newBx_EB5_
FNDA:110,_RINvMNtCs4xCVAOjCLfC_7braided5indexNtB3_10BraidIndex3newNtNtB5_6strand6StrandEB5_
FNDA:30,_RINvMNtCs4xCVAOjCLfC_7braided5indexNtB3_10BraidIndex3newlEB5_
FNDA:3,_RINvMNtCs4xCVAOjCLfC_7braided5indexNtB3_10BraidIndex3newmEB5_
FNDA:8,_RINvMNtCs4xCVAOjCLfC_7braided5indexNtB3_10BraidIndex3newtEB5_
FNDA:1,_RNvNtNtCs4xCVAOjCLfC_7braided5index5testss_13derefs_to_u16
FNDA:1,_RNvNtNtCs4xCVAOjCLfC_7braided5index5testss_25can_coerce_index_into_u16
FNDA:1,_RNvNtNtCs4xCVAOjCLfC_7braided5index5testss_31can_be_used_as_reference_to_u16
FNDA:1,_RNvNtNtCs4xCVAOjCLfC_7braided5index5testss_42valid_input_yields_successful_construction
FNDA:5,_RINvNvNtNtCs4xCVAOjCLfC_7braided5index5testss_31can_be_used_as_reference_to_u1613as_ref_testerNtB6_10BraidIndexEB8_
FNDA:5,_RNCNvNtNtCs4xCVAOjCLfC_7braided5index5testss_31can_be_used_as_reference_to_u160B7_
FNF:12
FNH:12
DA:169,155
DA:170,155
DA:171,155
DA:172,155
DA:174,155
DA:175,155
DA:180,163
DA:181,163
DA:182,4
DA:184,159
DA:186,163
DA:189,4
DA:190,4
DA:191,4
DA:194,13
DA:195,13
DA:196,13
DA:202,10
DA:203,10
DA:204,10
DA:207,5
DA:208,5
DA:209,5
DA:219,1
DA:220,1
DA:221,1
DA:222,1
DA:223,1
DA:224,1
DA:225,1
DA:226,1
DA:228,1
DA:229,1
DA:232,1
DA:233,1
DA:234,1
DA:235,1
DA:236,1
DA:237,1
DA:238,1
DA:239,1
DA:241,1
DA:242,1
DA:245,1
DA:246,1
DA:247,1
DA:248,1
DA:249,1
DA:250,1
DA:251,1
DA:252,1
DA:253,1
DA:254,1
DA:256,1
DA:257,1
DA:260,1
DA:261,5
DA:262,5
DA:263,5
DA:265,1
DA:266,1
DA:267,1
DA:268,1
DA:269,1
DA:270,1
DA:271,1
DA:273,1
DA:274,1
DA:275,5
DA:277,1
BRF:0
BRH:0
LF:71
LH:71
end_of_record
SF:/home/jalhamer/Projects/braided/src/letter.rs
FN:566,_RNvNtNtCs4xCVAOjCLfC_7braided6letter5testss_42valid_inputs_yield_successful_construction
FN:266,_RINvMNtCs4xCVAOjCLfC_7braided6letterNtB3_6Letter3newNtNtB5_6strand6StrandBO_EB5_
FN:266,_RINvMNtCs4xCVAOjCLfC_7braided6letterNtB3_6Letter3newNtNtB5_6strand6StrandtEB5_
FN:266,_RINvMNtCs4xCVAOjCLfC_7braided6letterNtB3_6Letter3newiNtNtB5_6strand6StrandEB5_
FN:266,_RINvMNtCs4xCVAOjCLfC_7braided6letterNtB3_6Letter3newjtEB5_
FN:266,_RINvMNtCs4xCVAOjCLfC_7braided6letterNtB3_6Letter3newljEB5_
FN:266,_RINvMNtCs4xCVAOjCLfC_7braided6letterNtB3_6Letter3newllEB5_
FN:266,_RINvMNtCs4xCVAOjCLfC_7braided6letterNtB3_6Letter3newltEB5_
FN:266,_RINvMNtCs4xCVAOjCLfC_7braided6letterNtB3_6Letter3newmlEB5_
FN:266,_RINvMNtCs4xCVAOjCLfC_7braided6letterNtB3_6Letter3newmtEB5_
FN:266,_RINvMNtCs4xCVAOjCLfC_7braided6letterNtB3_6Letter3newttEB5_
FN:458,_RNvMNtCs4xCVAOjCLfC_7braided6letterNtB2_6Letter12artin_length
FN:485,_RNvMNtCs4xCVAOjCLfC_7braided6letterNtB2_6Letter28minimal_required_braid_index
FN:322,_RNvMNtCs4xCVAOjCLfC_7braided6letterNtB2_6Letter4foot
FN:349,_RNvMNtCs4xCVAOjCLfC_7braided6letterNtB2_6Letter4head
FN:298,_RNvMNtCs4xCVAOjCLfC_7braided6letterNtB2_6Letter4sign
FN:431,_RNvMNtCs4xCVAOjCLfC_7braided6letterNtB2_6Letter6height
FN:377,_RNvMNtCs4xCVAOjCLfC_7braided6letterNtB2_6Letter7inverse
FN:405,_RNvMNtCs4xCVAOjCLfC_7braided6letterNtB2_6Letter8is_artin
FN:499,_RNvXs0_NtCs4xCVAOjCLfC_7braided6letterNtB5_6LetterINtNtCs4NRVxsYgnAr_4core7convert4FromNtNtNtB7_10generators4band13BandGeneratorE4from
FN:505,_RNvXs1_NtCs4xCVAOjCLfC_7braided6letterNtB5_6LetterNtNtCs4NRVxsYgnAr_4core3cmp9PartialEq2eq
FN:522,_RNvXs2_NtCs4xCVAOjCLfC_7braided6letterNtB5_6LetterNtNtNtCs4NRVxsYgnAr_4core3ops5arith3Mul3mul
FN:494,_RNvXs_NtCs4xCVAOjCLfC_7braided6letterNtB4_6LetterINtNtCs4NRVxsYgnAr_4core7convert4FromNtNtNtB6_10generators5artin14ArtinGeneratorE4from
FNDA:1,_RNvNtNtCs4xCVAOjCLfC_7braided6letter5testss_42valid_inputs_yield_successful_construction
FNDA:1,_RINvMNtCs4xCVAOjCLfC_7braided6letterNtB3_6Letter3newNtNtB5_6strand6StrandBO_EB5_
FNDA:1,_RINvMNtCs4xCVAOjCLfC_7braided6letterNtB3_6Letter3newNtNtB5_6strand6StrandtEB5_
FNDA:1,_RINvMNtCs4xCVAOjCLfC_7braided6letterNtB3_6Letter3newiNtNtB5_6strand6StrandEB5_
FNDA:1,_RINvMNtCs4xCVAOjCLfC_7braided6letterNtB3_6Letter3newjtEB5_
FNDA:1,_RINvMNtCs4xCVAOjCLfC_7braided6letterNtB3_6Letter3newljEB5_
FNDA:65651,_RINvMNtCs4xCVAOjCLfC_7braided6letterNtB3_6Letter3newllEB5_
FNDA:131167,_RINvMNtCs4xCVAOjCLfC_7braided6letterNtB3_6Letter3newltEB5_
FNDA:12,_RINvMNtCs4xCVAOjCLfC_7braided6letterNtB3_6Letter3newmlEB5_
FNDA:3,_RINvMNtCs4xCVAOjCLfC_7braided6letterNtB3_6Letter3newmtEB5_
FNDA:50,_RINvMNtCs4xCVAOjCLfC_7braided6letterNtB3_6Letter3newttEB5_
FNDA:1245938,_RNvMNtCs4xCVAOjCLfC_7braided6letterNtB2_6Letter12artin_length
FNDA:101,_RNvMNtCs4xCVAOjCLfC_7braided6letterNtB2_6Letter28minimal_required_braid_index
FNDA:3,_RNvMNtCs4xCVAOjCLfC_7braided6letterNtB2_6Letter4foot
FNDA:3,_RNvMNtCs4xCVAOjCLfC_7braided6letterNtB2_6Letter4head
FNDA:3,_RNvMNtCs4xCVAOjCLfC_7braided6letterNtB2_6Letter4sign
FNDA:3,_RNvMNtCs4xCVAOjCLfC_7braided6letterNtB2_6Letter6height
FNDA:68,_RNvMNtCs4xCVAOjCLfC_7braided6letterNtB2_6Letter7inverse
FNDA:3,_RNvMNtCs4xCVAOjCLfC_7braided6letterNtB2_6Letter8is_artin
FNDA:13,_RNvXs0_NtCs4xCVAOjCLfC_7braided6letterNtB5_6LetterINtNtCs4NRVxsYgnAr_4core7convert4FromNtNtNtB7_10generators4band13BandGeneratorE4from
FNDA:192,_RNvXs1_NtCs4xCVAOjCLfC_7braided6letterNtB5_6LetterNtNtCs4NRVxsYgnAr_4core3cmp9PartialEq2eq
FNDA:21,_RNvXs2_NtCs4xCVAOjCLfC_7braided6letterNtB5_6LetterNtNtNtCs4NRVxsYgnAr_4core3ops5arith3Mul3mul
FNDA:17,_RNvXs_NtCs4xCVAOjCLfC_7braided6letterNtB4_6LetterINtNtCs4NRVxsYgnAr_4core7convert4FromNtNtNtB6_10generators5artin14ArtinGeneratorE4from
FNF:14
FNH:14
DA:266,196888
DA:267,196888
DA:268,196888
DA:269,196888
DA:270,196888
DA:271,196888
DA:272,196888
DA:274,196888
DA:275,65679
DA:276,131209
DA:278,196888
DA:298,3
DA:299,3
DA:300,1
DA:301,2
DA:303,3
DA:322,3
DA:323,3
DA:324,1
DA:325,2
DA:327,3
DA:349,3
DA:350,3
DA:351,1
DA:352,2
DA:354,3
DA:377,68
DA:378,68
DA:379,27
DA:380,41
DA:382,68
DA:405,3
DA:406,3
DA:407,1
DA:408,2
DA:410,3
DA:431,3
DA:432,3
DA:433,1
DA:434,2
DA:436,3
DA:458,1245938
DA:459,1245938
DA:460,1048945
DA:461,196993
DA:463,1245938
DA:485,101
DA:486,101
DA:487,49
DA:488,52
DA:490,101
DA:494,17
DA:495,17
DA:496,17
DA:499,13
DA:500,13
DA:501,13
DA:505,192
DA:506,192
DA:507,70
DA:508,20
DA:509,20
DA:511,24
DA:512,24
DA:514,78
DA:516,192
DA:522,21
DA:523,21
DA:524,5
DA:525,5
DA:526,2
DA:528,3
DA:531,4
DA:532,4
DA:533,1
DA:535,3
DA:538,4
DA:539,4
DA:540,1
DA:542,3
DA:545,8
DA:546,8
DA:547,2
DA:549,6
DA:553,21
DA:566,1
DA:567,1
DA:568,1
DA:569,1
DA:570,1
DA:571,1
DA:572,1
DA:573,1
DA:574,1
DA:575,1
DA:576,1
DA:577,1
DA:578,1
DA:579,1
DA:581,1
DA:582,1
BRF:0
BRH:0
LF:101
LH:101
end_of_record
SF:/home/jalhamer/Projects/braided/src/macros.rs
FN:423,_RNvNtNtCs4xCVAOjCLfC_7braided6macros5testss_38macro_word_empty_produces_trivial_word
FN:612,_RNvNtNtCs4xCVAOjCLfC_7braided6macros5testss_51macro_braid_constructs_trivial_braid_of_given_index
FN:617,_RNvNtNtCs4xCVAOjCLfC_7braided6macros5testss_54macro_braid_constructs_nontrivial_braid_of_given_index
FN:629,_RNvNtNtCs4xCVAOjCLfC_7braided6macros5testss_57macro_braid_constructs_nontrivial_braid_of_inferred_index
FNDA:1,_RNvNtNtCs4xCVAOjCLfC_7braided6macros5testss_38macro_word_empty_produces_trivial_word
FNDA:1,_RNvNtNtCs4xCVAOjCLfC_7braided6macros5testss_51macro_braid_constructs_trivial_braid_of_given_index
FNDA:1,_RNvNtNtCs4xCVAOjCLfC_7braided6macros5testss_54macro_braid_constructs_nontrivial_braid_of_given_index
FNDA:1,_RNvNtNtCs4xCVAOjCLfC_7braided6macros5testss_57macro_braid_constructs_nontrivial_braid_of_inferred_index
FNF:4
FNH:4
DA:423,1
DA:424,1
DA:425,1
DA:426,1
DA:612,1
DA:613,1
DA:614,1
DA:615,1
DA:617,1
DA:618,1
DA:619,1
DA:620,1
DA:621,1
DA:622,1
DA:623,1
DA:625,1
DA:627,1
DA:629,1
DA:630,1
DA:631,1
DA:632,1
DA:633,1
DA:634,1
DA:637,1
BRF:0
BRH:0
LF:24
LH:24
end_of_record
SF:/home/jalhamer/Projects/braided/src/sign.rs
FN:53,_RNvNtNtCs4xCVAOjCLfC_7braided4sign5testss_19sign_can_be_negated
FN:38,_RNvXNtCs4xCVAOjCLfC_7braided4signNtB2_4SignNtNtNtCs4NRVxsYgnAr_4core3ops5arith3Neg3neg
FNDA:1,_RNvNtNtCs4xCVAOjCLfC_7braided4sign5testss_19sign_can_be_negated
FNDA:111,_RNvXNtCs4xCVAOjCLfC_7braided4signNtB2_4SignNtNtNtCs4NRVxsYgnAr_4core3ops5arith3Neg3neg
FNF:2
FNH:2
DA:38,111
DA:39,111
DA:40,52
DA:41,59
DA:43,111
DA:53,1
DA:54,1
DA:55,1
DA:56,1
BRF:0
BRH:0
LF:9
LH:9
end_of_record
SF:/home/jalhamer/Projects/braided/src/strand.rs
FN:239,_RNvXs0_NtCs4xCVAOjCLfC_7braided6strandtINtNtCs4NRVxsYgnAr_4core7convert4FromNtB5_6StrandE4from
FN:247,_RNvXs1_NtCs4xCVAOjCLfC_7braided6strandNtB5_6StrandNtNtNtCs4NRVxsYgnAr_4core3ops5deref5Deref5deref
FN:252,_RNvXs2_NtCs4xCVAOjCLfC_7braided6strandNtB5_6StrandINtNtCs4NRVxsYgnAr_4core7convert5AsReftE6as_ref
FN:259,_RNvXs3_NtCs4xCVAOjCLfC_7braided6strandNtB5_6StrandNtNtNtCs4NRVxsYgnAr_4core3ops5arith3Add3add
FN:272,_RNvXs4_NtCs4xCVAOjCLfC_7braided6strandNtB5_6StrandINtNtNtCs4NRVxsYgnAr_4core3ops5arith3AddtE3add
FN:285,_RNvXs5_NtCs4xCVAOjCLfC_7braided6strandtINtNtNtCs4NRVxsYgnAr_4core3ops5arith3AddNtB5_6StrandE3add
FN:299,_RNvXs6_NtCs4xCVAOjCLfC_7braided6strandNtB5_6StrandNtNtNtCs4NRVxsYgnAr_4core3ops5arith3Sub3sub
FN:312,_RNvXs7_NtCs4xCVAOjCLfC_7braided6strandNtB5_6StrandINtNtNtCs4NRVxsYgnAr_4core3ops5arith3SubtE3sub
FN:325,_RNvXs8_NtCs4xCVAOjCLfC_7braided6strandtINtNtNtCs4NRVxsYgnAr_4core3ops5arith3SubNtB5_6StrandE3sub
FN:230,_RNvXs_NtCs4xCVAOjCLfC_7braided6strandNtB4_6StrandINtNtCs4NRVxsYgnAr_4core7convert7TryFromtE8try_from
FN:219,_RINvMNtCs4xCVAOjCLfC_7braided6strandNtB3_6Strand3newBy_EB5_
FN:219,_RINvMNtCs4xCVAOjCLfC_7braided6strandNtB3_6Strand3newNtNtB5_5index10BraidIndexEB5_
FN:219,_RINvMNtCs4xCVAOjCLfC_7braided6strandNtB3_6Strand3newiEB5_
FN:219,_RINvMNtCs4xCVAOjCLfC_7braided6strandNtB3_6Strand3newjEB5_
FN:219,_RINvMNtCs4xCVAOjCLfC_7braided6strandNtB3_6Strand3newlEB5_
FN:219,_RINvMNtCs4xCVAOjCLfC_7braided6strandNtB3_6Strand3newmEB5_
FN:219,_RINvMNtCs4xCVAOjCLfC_7braided6strandNtB3_6Strand3newtEB5_
FN:356,_RNvNtNtCs4xCVAOjCLfC_7braided6strand5testss_13derefs_to_u16
FN:401,_RNvNtNtCs4xCVAOjCLfC_7braided6strand5testss_23valid_addition_succeeds
FN:368,_RNvNtNtCs4xCVAOjCLfC_7braided6strand5testss_26can_coerce_strand_into_u16
FN:414,_RNvNtNtCs4xCVAOjCLfC_7braided6strand5testss_26valid_subtraction_succeeds
FN:382,_RNvNtNtCs4xCVAOjCLfC_7braided6strand5testss_31can_be_used_as_reference_to_u16
FN:344,_RNvNtNtCs4xCVAOjCLfC_7braided6strand5testss_42valid_input_yields_successful_construction
FN:383,_RINvNvNtNtCs4xCVAOjCLfC_7braided6strand5testss_31can_be_used_as_reference_to_u1613as_ref_testerNtB6_6StrandEB8_
FN:396,_RNCNvNtNtCs4xCVAOjCLfC_7braided6strand5testss_31can_be_used_as_reference_to_u160B7_
FNDA:459957,_RNvXs0_NtCs4xCVAOjCLfC_7braided6strandtINtNtCs4NRVxsYgnAr_4core7convert4FromNtB5_6StrandE4from
FNDA:131350,_RNvXs1_NtCs4xCVAOjCLfC_7braided6strandNtB5_6StrandNtNtNtCs4NRVxsYgnAr_4core3ops5deref5Deref5deref
FNDA:4,_RNvXs2_NtCs4xCVAOjCLfC_7braided6strandNtB5_6StrandINtNtCs4NRVxsYgnAr_4core7convert5AsReftE6as_ref
FNDA:3,_RNvXs3_NtCs4xCVAOjCLfC_7braided6strandNtB5_6StrandNtNtNtCs4NRVxsYgnAr_4core3ops5arith3Add3add
FNDA:118,_RNvXs4_NtCs4xCVAOjCLfC_7braided6strandNtB5_6StrandINtNtNtCs4NRVxsYgnAr_4core3ops5arith3AddtE3add
FNDA:4,_RNvXs5_NtCs4xCVAOjCLfC_7braided6strandtINtNtNtCs4NRVxsYgnAr_4core3ops5arith3AddNtB5_6StrandE3add
FNDA:459726,_RNvXs6_NtCs4xCVAOjCLfC_7braided6strandNtB5_6StrandNtNtNtCs4NRVxsYgnAr_4core3ops5arith3Sub3sub
FNDA:15,_RNvXs7_NtCs4xCVAOjCLfC_7braided6strandNtB5_6StrandINtNtNtCs4NRVxsYgnAr_4core3ops5arith3SubtE3sub
FNDA:3,_RNvXs8_NtCs4xCVAOjCLfC_7braided6strandtINtNtNtCs4NRVxsYgnAr_4core3ops5arith3SubNtB5_6StrandE3sub
FNDA:722559,_RNvXs_NtCs4xCVAOjCLfC_7braided6strandNtB4_6StrandINtNtCs4NRVxsYgnAr_4core7convert7TryFromtE8try_from
FNDA:43,_RINvMNtCs4xCVAOjCLfC_7braided6strandNtB3_6Strand3newBy_EB5_
FNDA:4,_RINvMNtCs4xCVAOjCLfC_7braided6strandNtB3_6Strand3newNtNtB5_5index10BraidIndexEB5_
FNDA:3,_RINvMNtCs4xCVAOjCLfC_7braided6strandNtB3_6Strand3newiEB5_
FNDA:4,_RINvMNtCs4xCVAOjCLfC_7braided6strandNtB3_6Strand3newjEB5_
FNDA:262632,_RINvMNtCs4xCVAOjCLfC_7braided6strandNtB3_6Strand3newlEB5_
FNDA:22,_RINvMNtCs4xCVAOjCLfC_7braided6strandNtB3_6Strand3newmEB5_
FNDA:459865,_RINvMNtCs4xCVAOjCLfC_7braided6strandNtB3_6Strand3newtEB5_
FNDA:1,_RNvNtNtCs4xCVAOjCLfC_7braided6strand5testss_13derefs_to_u16
FNDA:1,_RNvNtNtCs4xCVAOjCLfC_7braided6strand5testss_23valid_addition_succeeds
FNDA:1,_RNvNtNtCs4xCVAOjCLfC_7braided6strand5testss_26can_coerce_strand_into_u16
FNDA:1,_RNvNtNtCs4xCVAOjCLfC_7braided6strand5testss_26valid_subtraction_succeeds
FNDA:1,_RNvNtNtCs4xCVAOjCLfC_7braided6strand5testss_31can_be_used_as_reference_to_u16
FNDA:1,_RNvNtNtCs4xCVAOjCLfC_7braided6strand5testss_42valid_input_yields_successful_construction
FNDA:4,_RINvNvNtNtCs4xCVAOjCLfC_7braided6strand5testss_31can_be_used_as_reference_to_u1613as_ref_testerNtB6_6StrandEB8_
FNDA:4,_RNCNvNtNtCs4xCVAOjCLfC_7braided6strand5testss_31can_be_used_as_reference_to_u160B7_
FNF:19
FNH:19
DA:219,722573
DA:220,722573
DA:221,722573
DA:222,722573
DA:224,722573
DA:225,722573
DA:230,722559
DA:231,722559
DA:232,14
DA:234,722545
DA:236,722559
DA:239,459957
DA:240,459957
DA:241,459957
DA:247,131350
DA:248,131350
DA:249,131350
DA:252,4
DA:253,4
DA:254,4
DA:259,3
DA:260,3
DA:261,2
DA:262,2
DA:263,2
DA:264,2
DA:266,1
DA:268,3
DA:272,118
DA:273,118
DA:274,2
DA:275,2
DA:276,2
DA:277,2
DA:279,116
DA:281,118
DA:285,4
DA:286,4
DA:287,2
DA:288,2
DA:289,2
DA:290,2
DA:292,2
DA:294,4
DA:299,459726
DA:300,459726
DA:301,2
DA:302,2
DA:303,2
DA:304,2
DA:306,459724
DA:308,459726
DA:312,15
DA:313,15
DA:314,2
DA:315,2
DA:316,2
DA:317,2
DA:319,13
DA:321,15
DA:325,3
DA:326,3
DA:327,2
DA:328,2
DA:329,2
DA:330,2
DA:332,1
DA:334,3
DA:344,1
DA:345,1
DA:346,1
DA:347,1
DA:348,1
DA:349,1
DA:350,1
DA:352,1
DA:353,1
DA:356,1
DA:357,1
DA:358,1
DA:359,1
DA:360,1
DA:361,1
DA:362,1
DA:364,1
DA:365,1
DA:368,1
DA:369,1
DA:370,1
DA:371,1
DA:372,1
DA:373,1
DA:374,1
DA:375,1
DA:376,1
DA:378,1
DA:379,1
DA:382,1
DA:383,4
DA:384,4
DA:385,4
DA:387,1
DA:388,1
DA:389,1
DA:390,1
DA:391,1
DA:392,1
DA:394,1
DA:395,1
DA:396,4
DA:398,1
DA:401,1
DA:402,1
DA:403,1
DA:404,1
DA:405,1
DA:406,1
DA:407,1
DA:408,1
DA:410,1
DA:411,1
DA:414,1
DA:415,1
DA:416,1
DA:417,1
DA:418,1
DA:419,1
DA:421,1
DA:422,1
BRF:0
BRH:0
LF:130
LH:130
end_of_record
SF:/home/jalhamer/Projects/braided/src/word.rs
FN:302,_RNvNtNtCs4xCVAOjCLfC_7braided4word5testss_23default_word_is_trivial
FN:292,_RNvNtNtCs4xCVAOjCLfC_7braided4word5testss_25trivial_works_as_expected
FN:327,_RNvNtNtCs4xCVAOjCLfC_7braided4word5testss_29coalesce_computes_as_expected
FN:399,_RNvNtNtCs4xCVAOjCLfC_7braided4word5testss_29deref_yields_slice_of_letters
FN:307,_RNvNtNtCs4xCVAOjCLfC_7braided4word5testss_30decompose_computes_as_expected
FN:411,_RNvNtNtCs4xCVAOjCLfC_7braided4word5testss_45word_can_be_passed_as_ref_to_slice_of_letters
FN:276,_RNvNtNtCs4xCVAOjCLfC_7braided4word5testss_55valid_construction_with_new_succeeds_and_is_as_expected
FN:22,_RINvMNtCs4xCVAOjCLfC_7braided4wordNtB3_4Word3newATlINtNtCs4NRVxsYgnAr_4core6option6OptionlENtNtB5_4sign4SignEj3_llEB5_
FN:22,_RINvMNtCs4xCVAOjCLfC_7braided4wordNtB3_4Word3newATlINtNtCs4NRVxsYgnAr_4core6option6OptiontENtNtB5_4sign4SignEj2_ltEB5_
FN:22,_RINvMNtCs4xCVAOjCLfC_7braided4wordNtB3_4Word3newATlINtNtCs4NRVxsYgnAr_4core6option6OptiontENtNtB5_4sign4SignEj5_ltEB5_
FN:22,_RINvMNtCs4xCVAOjCLfC_7braided4wordNtB3_4Word3newATtINtNtCs4NRVxsYgnAr_4core6option6OptiontENtNtB5_4sign4SignEj3_ttEB5_
FN:22,_RINvMNtCs4xCVAOjCLfC_7braided4wordNtB3_4Word3newBw_ttEB5_
FN:22,_RINvMNtCs4xCVAOjCLfC_7braided4wordNtB3_4Word3newINtNtCscdodAO9FK5_5alloc3vec3VecTlINtNtCs4NRVxsYgnAr_4core6option6OptionlENtNtB5_4sign4SignEEllEB5_
FN:22,_RINvMNtCs4xCVAOjCLfC_7braided4wordNtB3_4Word3newINtNtCscdodAO9FK5_5alloc3vec3VecTlINtNtCs4NRVxsYgnAr_4core6option6OptiontENtNtB5_4sign4SignEEltEB5_
FN:22,_RINvMNtCs4xCVAOjCLfC_7braided4wordNtB3_4Word3newINtNtCscdodAO9FK5_5alloc3vec3VecTmINtNtCs4NRVxsYgnAr_4core6option6OptionlENtNtB5_4sign4SignEEmlEB5_
FN:22,_RINvMNtCs4xCVAOjCLfC_7braided4wordNtB3_4Word3newINtNtCscdodAO9FK5_5alloc3vec3VecTtINtNtCs4NRVxsYgnAr_4core6option6OptiontENtNtB5_4sign4SignEEttEB5_
FN:100,_RNCNvMNtCs4xCVAOjCLfC_7braided4wordNtB4_4Word12artin_length0B6_
FN:72,_RNCNvMNtCs4xCVAOjCLfC_7braided4wordNtB4_4Word19coalesce_decomposed0B6_
FN:104,_RNCNvMNtCs4xCVAOjCLfC_7braided4wordNtB4_4Word28minimal_required_braid_index0B6_
FN:109,_RNCNvMNtCs4xCVAOjCLfC_7braided4wordNtB4_4Word7inverse0B6_
FN:127,_RNCNvXs0_NtCs4xCVAOjCLfC_7braided4wordNtB7_4WordINtNtCs4NRVxsYgnAr_4core7convert7TryFromINtNtCscdodAO9FK5_5alloc3vec3VecNtNtB9_6letter6LetterEE8try_from0B9_
FN:129,_RNCNvXs0_NtCs4xCVAOjCLfC_7braided4wordNtB7_4WordINtNtCs4NRVxsYgnAr_4core7convert7TryFromINtNtCscdodAO9FK5_5alloc3vec3VecNtNtB9_6letter6LetterEE8try_froms0_0B9_
FN:128,_RNCNvXs0_NtCs4xCVAOjCLfC_7braided4wordNtB7_4WordINtNtCs4NRVxsYgnAr_4core7convert7TryFromINtNtCscdodAO9FK5_5alloc3vec3VecNtNtB9_6letter6LetterEE8try_froms_0B9_
FN:127,_RNCNvXs0_NtCs4xCVAOjCLfC_7braided4wordNtB7_4WordINtNtCs4NRVxsYgnAr_4core7convert7TryFromINtNtCscdodAO9FK5_5alloc3vec3VecNtNtNtB9_10generators4band13BandGeneratorEE8try_from0B9_
FN:129,_RNCNvXs0_NtCs4xCVAOjCLfC_7braided4wordNtB7_4WordINtNtCs4NRVxsYgnAr_4core7convert7TryFromINtNtCscdodAO9FK5_5alloc3vec3VecNtNtNtB9_10generators4band13BandGeneratorEE8try_froms0_0B9_
FN:128,_RNCNvXs0_NtCs4xCVAOjCLfC_7braided4wordNtB7_4WordINtNtCs4NRVxsYgnAr_4core7convert7TryFromINtNtCscdodAO9FK5_5alloc3vec3VecNtNtNtB9_10generators4band13BandGeneratorEE8try_froms_0B9_
FN:127,_RNCNvXs0_NtCs4xCVAOjCLfC_7braided4wordNtB7_4WordINtNtCs4NRVxsYgnAr_4core7convert7TryFromINtNtCscdodAO9FK5_5alloc3vec3VecNtNtNtB9_10generators5artin14ArtinGeneratorEE8try_from0B9_
FN:129,_RNCNvXs0_NtCs4xCVAOjCLfC_7braided4wordNtB7_4WordINtNtCs4NRVxsYgnAr_4core7convert7TryFromINtNtCscdodAO9FK5_5alloc3vec3VecNtNtNtB9_10generators5artin14ArtinGeneratorEE8try_froms0_0B9_
FN:128,_RNCNvXs0_NtCs4xCVAOjCLfC_7braided4wordNtB7_4WordINtNtCs4NRVxsYgnAr_4core7convert7TryFromINtNtCscdodAO9FK5_5alloc3vec3VecNtNtNtB9_10generators5artin14ArtinGeneratorEE8try_froms_0B9_
FN:158,_RNCNvXs2_NtCs4xCVAOjCLfC_7braided4wordNtB7_4WordNtNtNtNtCs4NRVxsYgnAr_4core4iter6traits7collect12IntoIterator9into_iter0B9_
FN:189,_RNCNvXs5_NtCs4xCVAOjCLfC_7braided4wordNtB7_4WordINtNtNtCs4NRVxsYgnAr_4core3ops5arith3MulNtNtB9_6letter6LetterE3mul0B9_
FN:212,_RNCNvXs6_NtCs4xCVAOjCLfC_7braided4wordNtNtB9_6letter6LetterINtNtNtCs4NRVxsYgnAr_4core3ops5arith3MulNtB7_4WordE3mul0B9_
FN:238,_RNCNvXs7_NtCs4xCVAOjCLfC_7braided4wordNtB7_4WordNtNtNtCs4NRVxsYgnAr_4core3ops5arith3Mul3mul0B9_
FN:124,_RNvXs0_NtCs4xCVAOjCLfC_7braided4wordNtB5_4WordINtNtCs4NRVxsYgnAr_4core7convert7TryFromINtNtCscdodAO9FK5_5alloc3vec3VecNtNtB7_6letter6LetterEE8try_fromB7_
FN:124,_RNvXs0_NtCs4xCVAOjCLfC_7braided4wordNtB5_4WordINtNtCs4NRVxsYgnAr_4core7convert7TryFromINtNtCscdodAO9FK5_5alloc3vec3VecNtNtNtB7_10generators4band13BandGeneratorEE8try_fromB7_
FN:124,_RNvXs0_NtCs4xCVAOjCLfC_7braided4wordNtB5_4WordINtNtCs4NRVxsYgnAr_4core7convert7TryFromINtNtCscdodAO9FK5_5alloc3vec3VecNtNtNtB7_10generators5artin14ArtinGeneratorEE8try_fromB7_
FN:146,_RNvXs1_NtCs4xCVAOjCLfC_7braided4wordNtB5_4WordINtNtCs4NRVxsYgnAr_4core7convert7TryFromRSNtNtB7_6letter6LetterE8try_fromB7_
FN:203,_RNvXs6_NtCs4xCVAOjCLfC_7braided4wordNtNtB7_6letter6LetterINtNtNtCs4NRVxsYgnAr_4core3ops5arith3MulNtB5_4WordE3mul
FN:412,_RINvNvNtNtCs4xCVAOjCLfC_7braided4word5testss_45word_can_be_passed_as_ref_to_slice_of_letters13as_ref_testerRNtB6_4WordEB8_
FN:362,_RNCNvNCNvNtNtCs4xCVAOjCLfC_7braided4word5testss_30properties_compute_as_expected030properties_compute_as_expected0Bb_
FN:378,_RNCNvNCNvNtNtCs4xCVAOjCLfC_7braided4word5testss_30properties_compute_as_expected030properties_compute_as_expecteds0_0Bb_
FN:372,_RNCNvNCNvNtNtCs4xCVAOjCLfC_7braided4word5testss_30properties_compute_as_expected030properties_compute_as_expecteds_0Bb_
FN:424,_RNCNvNtNtCs4xCVAOjCLfC_7braided4word5testss_45word_can_be_passed_as_ref_to_slice_of_letters0B7_
FN:286,_RNCNvNtNtCs4xCVAOjCLfC_7braided4word5testss_55valid_construction_with_new_succeeds_and_is_as_expected0B7_
FN:92,_RNvMNtCs4xCVAOjCLfC_7braided4wordNtB2_4Word10is_trivial
FN:99,_RNvMNtCs4xCVAOjCLfC_7braided4wordNtB2_4Word12artin_length
FN:56,_RNvMNtCs4xCVAOjCLfC_7braided4wordNtB2_4Word19coalesce_decomposed
FN:102,_RNvMNtCs4xCVAOjCLfC_7braided4wordNtB2_4Word28minimal_required_braid_index
FN:95,_RNvMNtCs4xCVAOjCLfC_7braided4wordNtB2_4Word6length
FN:108,_RNvMNtCs4xCVAOjCLfC_7braided4wordNtB2_4Word7inverse
FN:89,_RNvMNtCs4xCVAOjCLfC_7braided4wordNtB2_4Word7letters
FN:37,_RNvMNtCs4xCVAOjCLfC_7braided4wordNtB2_4Word7trivial
FN:51,_RNvMNtCs4xCVAOjCLfC_7braided4wordNtB2_4Word8coalesce
FN:41,_RNvMNtCs4xCVAOjCLfC_7braided4wordNtB2_4Word9decompose
FN:155,_RNvXs2_NtCs4xCVAOjCLfC_7braided4wordNtB5_4WordNtNtNtNtCs4NRVxsYgnAr_4core4iter6traits7collect12IntoIterator9into_iter
FN:169,_RNvXs3_NtCs4xCVAOjCLfC_7braided4wordNtB5_4WordNtNtNtCs4NRVxsYgnAr_4core3ops5deref5Deref5deref
FN:174,_RNvXs4_NtCs4xCVAOjCLfC_7braided4wordNtB5_4WordINtNtCs4NRVxsYgnAr_4core7convert5AsRefSNtNtB7_6letter6LetterE6as_ref
FN:181,_RNvXs5_NtCs4xCVAOjCLfC_7braided4wordNtB5_4WordINtNtNtCs4NRVxsYgnAr_4core3ops5arith3MulNtNtB7_6letter6LetterE3mul
FN:225,_RNvXs7_NtCs4xCVAOjCLfC_7braided4wordNtB5_4WordNtNtNtCs4NRVxsYgnAr_4core3ops5arith3Mul3mul
FN:114,_RNvXs_NtCs4xCVAOjCLfC_7braided4wordNtB4_4WordNtNtCs4NRVxsYgnAr_4core7default7Default7default
FNDA:1,_RNvNtNtCs4xCVAOjCLfC_7braided4word5testss_23default_word_is_trivial
FNDA:1,_RNvNtNtCs4xCVAOjCLfC_7braided4word5testss_25trivial_works_as_expected
FNDA:1,_RNvNtNtCs4xCVAOjCLfC_7braided4word5testss_29coalesce_computes_as_expected
FNDA:1,_RNvNtNtCs4xCVAOjCLfC_7braided4word5testss_29deref_yields_slice_of_letters
FNDA:1,_RNvNtNtCs4xCVAOjCLfC_7braided4word5testss_30decompose_computes_as_expected
FNDA:1,_RNvNtNtCs4xCVAOjCLfC_7braided4word5testss_45word_can_be_passed_as_ref_to_slice_of_letters
FNDA:1,_RNvNtNtCs4xCVAOjCLfC_7braided4word5testss_55valid_construction_with_new_succeeds_and_is_as_expected
FNDA:6,_RINvMNtCs4xCVAOjCLfC_7braided4wordNtB3_4Word3newATlINtNtCs4NRVxsYgnAr_4core6option6OptionlENtNtB5_4sign4SignEj3_llEB5_
FNDA:1,_RINvMNtCs4xCVAOjCLfC_7braided4wordNtB3_4Word3newATlINtNtCs4NRVxsYgnAr_4core6option6OptiontENtNtB5_4sign4SignEj2_ltEB5_
FNDA:2,_RINvMNtCs4xCVAOjCLfC_7braided4wordNtB3_4Word3newATlINtNtCs4NRVxsYgnAr_4core6option6OptiontENtNtB5_4sign4SignEj5_ltEB5_
FNDA:1,_RINvMNtCs4xCVAOjCLfC_7braided4wordNtB3_4Word3newATtINtNtCs4NRVxsYgnAr_4core6option6OptiontENtNtB5_4sign4SignEj3_ttEB5_
FNDA:5,_RINvMNtCs4xCVAOjCLfC_7braided4wordNtB3_4Word3newBw_ttEB5_
FNDA:7,_RINvMNtCs4xCVAOjCLfC_7braided4wordNtB3_4Word3newINtNtCscdodAO9FK5_5alloc3vec3VecTlINtNtCs4NRVxsYgnAr_4core6option6OptionlENtNtB5_4sign4SignEEllEB5_
FNDA:2,_RINvMNtCs4xCVAOjCLfC_7braided4wordNtB3_4Word3newINtNtCscdodAO9FK5_5alloc3vec3VecTlINtNtCs4NRVxsYgnAr_4core6option6OptiontENtNtB5_4sign4SignEEltEB5_
FNDA:2,_RINvMNtCs4xCVAOjCLfC_7braided4wordNtB3_4Word3newINtNtCscdodAO9FK5_5alloc3vec3VecTmINtNtCs4NRVxsYgnAr_4core6option6OptionlENtNtB5_4sign4SignEEmlEB5_
FNDA:3,_RINvMNtCs4xCVAOjCLfC_7braided4wordNtB3_4Word3newINtNtCscdodAO9FK5_5alloc3vec3VecTtINtNtCs4NRVxsYgnAr_4core6option6OptiontENtNtB5_4sign4SignEEttEB5_
FNDA:284327,_RNCNvMNtCs4xCVAOjCLfC_7braided4wordNtB4_4Word12artin_length0B6_
FNDA:13,_RNCNvMNtCs4xCVAOjCLfC_7braided4wordNtB4_4Word19coalesce_decomposed0B6_
FNDA:95,_RNCNvMNtCs4xCVAOjCLfC_7braided4wordNtB4_4Word28minimal_required_braid_index0B6_
FNDA:9,_RNCNvMNtCs4xCVAOjCLfC_7braided4wordNtB4_4Word7inverse0B6_
FNDA:830505,_RNCNvXs0_NtCs4xCVAOjCLfC_7braided4wordNtB7_4WordINtNtCs4NRVxsYgnAr_4core7convert7TryFromINtNtCscdodAO9FK5_5alloc3vec3VecNtNtB9_6letter6LetterEE8try_from0B9_
FNDA:830505,_RNCNvXs0_NtCs4xCVAOjCLfC_7braided4wordNtB7_4WordINtNtCs4NRVxsYgnAr_4core7convert7TryFromINtNtCscdodAO9FK5_5alloc3vec3VecNtNtB9_6letter6LetterEE8try_froms0_0B9_
FNDA:830505,_RNCNvXs0_NtCs4xCVAOjCLfC_7braided4wordNtB7_4WordINtNtCs4NRVxsYgnAr_4core7convert7TryFromINtNtCscdodAO9FK5_5alloc3vec3VecNtNtB9_6letter6LetterEE8try_froms_0B9_
FNDA:12,_RNCNvXs0_NtCs4xCVAOjCLfC_7braided4wordNtB7_4WordINtNtCs4NRVxsYgnAr_4core7convert7TryFromINtNtCscdodAO9FK5_5alloc3vec3VecNtNtNtB9_10generators4band13BandGeneratorEE8try_from0B9_
FNDA:12,_RNCNvXs0_NtCs4xCVAOjCLfC_7braided4wordNtB7_4WordINtNtCs4NRVxsYgnAr_4core7convert7TryFromINtNtCscdodAO9FK5_5alloc3vec3VecNtNtNtB9_10generators4band13BandGeneratorEE8try_froms0_0B9_
FNDA:12,_RNCNvXs0_NtCs4xCVAOjCLfC_7braided4wordNtB7_4WordINtNtCs4NRVxsYgnAr_4core7convert7TryFromINtNtCscdodAO9FK5_5alloc3vec3VecNtNtNtB9_10generators4band13BandGeneratorEE8try_froms_0B9_
FNDA:16,_RNCNvXs0_NtCs4xCVAOjCLfC_7braided4wordNtB7_4WordINtNtCs4NRVxsYgnAr_4core7convert7TryFromINtNtCscdodAO9FK5_5alloc3vec3VecNtNtNtB9_10generators5artin14ArtinGeneratorEE8try_from0B9_
FNDA:16,_RNCNvXs0_NtCs4xCVAOjCLfC_7braided4wordNtB7_4WordINtNtCs4NRVxsYgnAr_4core7convert7TryFromINtNtCscdodAO9FK5_5alloc3vec3VecNtNtNtB9_10generators5artin14ArtinGeneratorEE8try_froms0_0B9_
FNDA:16,_RNCNvXs0_NtCs4xCVAOjCLfC_7braided4wordNtB7_4WordINtNtCs4NRVxsYgnAr_4core7convert7TryFromINtNtCscdodAO9FK5_5alloc3vec3VecNtNtNtB9_10generators5artin14ArtinGeneratorEE8try_froms_0B9_
FNDA:40,_RNCNvXs2_NtCs4xCVAOjCLfC_7braided4wordNtB7_4WordNtNtNtNtCs4NRVxsYgnAr_4core4iter6traits7collect12IntoIterator9into_iter0B9_
FNDA:65536,_RNCNvXs5_NtCs4xCVAOjCLfC_7braided4wordNtB7_4WordINtNtNtCs4NRVxsYgnAr_4core3ops5arith3MulNtNtB9_6letter6LetterE3mul0B9_
FNDA:65536,_RNCNvXs6_NtCs4xCVAOjCLfC_7braided4wordNtNtB9_6letter6LetterINtNtNtCs4NRVxsYgnAr_4core3ops5arith3MulNtB7_4WordE3mul0B9_
FNDA:49,_RNCNvXs7_NtCs4xCVAOjCLfC_7braided4wordNtB7_4WordNtNtNtCs4NRVxsYgnAr_4core3ops5arith3Mul3mul0B9_
FNDA:148,_RNvXs0_NtCs4xCVAOjCLfC_7braided4wordNtB5_4WordINtNtCs4NRVxsYgnAr_4core7convert7TryFromINtNtCscdodAO9FK5_5alloc3vec3VecNtNtB7_6letter6LetterEE8try_fromB7_
FNDA:6,_RNvXs0_NtCs4xCVAOjCLfC_7braided4wordNtB5_4WordINtNtCs4NRVxsYgnAr_4core7convert7TryFromINtNtCscdodAO9FK5_5alloc3vec3VecNtNtNtB7_10generators4band13BandGeneratorEE8try_fromB7_
FNDA:5,_RNvXs0_NtCs4xCVAOjCLfC_7braided4wordNtB5_4WordINtNtCs4NRVxsYgnAr_4core7convert7TryFromINtNtCscdodAO9FK5_5alloc3vec3VecNtNtNtB7_10generators5artin14ArtinGeneratorEE8try_fromB7_
FNDA:8,_RNvXs1_NtCs4xCVAOjCLfC_7braided4wordNtB5_4WordINtNtCs4NRVxsYgnAr_4core7convert7TryFromRSNtNtB7_6letter6LetterE8try_fromB7_
FNDA:5,_RNvXs6_NtCs4xCVAOjCLfC_7braided4wordNtNtB7_6letter6LetterINtNtNtCs4NRVxsYgnAr_4core3ops5arith3MulNtB5_4WordE3mul
FNDA:1,_RINvNvNtNtCs4xCVAOjCLfC_7braided4word5testss_45word_can_be_passed_as_ref_to_slice_of_letters13as_ref_testerRNtB6_4WordEB8_
FNDA:3,_RNCNvNCNvNtNtCs4xCVAOjCLfC_7braided4word5testss_30properties_compute_as_expected030properties_compute_as_expected0Bb_
FNDA:3,_RNCNvNCNvNtNtCs4xCVAOjCLfC_7braided4word5testss_30properties_compute_as_expected030properties_compute_as_expecteds0_0Bb_
FNDA:3,_RNCNvNCNvNtNtCs4xCVAOjCLfC_7braided4word5testss_30properties_compute_as_expected030properties_compute_as_expecteds_0Bb_
FNDA:1,_RNCNvNtNtCs4xCVAOjCLfC_7braided4word5testss_45word_can_be_passed_as_ref_to_slice_of_letters0B7_
FNDA:2,_RNCNvNtNtCs4xCVAOjCLfC_7braided4word5testss_55valid_construction_with_new_succeeds_and_is_as_expected0B7_
FNDA:9,_RNvMNtCs4xCVAOjCLfC_7braided4wordNtB2_4Word10is_trivial
FNDA:107,_RNvMNtCs4xCVAOjCLfC_7braided4wordNtB2_4Word12artin_length
FNDA:7,_RNvMNtCs4xCVAOjCLfC_7braided4wordNtB2_4Word19coalesce_decomposed
FNDA:15,_RNvMNtCs4xCVAOjCLfC_7braided4wordNtB2_4Word28minimal_required_braid_index
FNDA:1,_RNvMNtCs4xCVAOjCLfC_7braided4wordNtB2_4Word6length
FNDA:3,_RNvMNtCs4xCVAOjCLfC_7braided4wordNtB2_4Word7inverse
FNDA:1,_RNvMNtCs4xCVAOjCLfC_7braided4wordNtB2_4Word7letters
FNDA:24,_RNvMNtCs4xCVAOjCLfC_7braided4wordNtB2_4Word7trivial
FNDA:1,_RNvMNtCs4xCVAOjCLfC_7braided4wordNtB2_4Word8coalesce
FNDA:2,_RNvMNtCs4xCVAOjCLfC_7braided4wordNtB2_4Word9decompose
FNDA:6,_RNvXs2_NtCs4xCVAOjCLfC_7braided4wordNtB5_4WordNtNtNtNtCs4NRVxsYgnAr_4core4iter6traits7collect12IntoIterator9into_iter
FNDA:411,_RNvXs3_NtCs4xCVAOjCLfC_7braided4wordNtB5_4WordNtNtNtCs4NRVxsYgnAr_4core3ops5deref5Deref5deref
FNDA:1,_RNvXs4_NtCs4xCVAOjCLfC_7braided4wordNtB5_4WordINtNtCs4NRVxsYgnAr_4core7convert5AsRefSNtNtB7_6letter6LetterE6as_ref
FNDA:8,_RNvXs5_NtCs4xCVAOjCLfC_7braided4wordNtB5_4WordINtNtNtCs4NRVxsYgnAr_4core3ops5arith3MulNtNtB7_6letter6LetterE3mul
FNDA:53,_RNvXs7_NtCs4xCVAOjCLfC_7braided4wordNtB5_4WordNtNtNtCs4NRVxsYgnAr_4core3ops5arith3Mul3mul
FNDA:1,_RNvXs_NtCs4xCVAOjCLfC_7braided4wordNtB4_4WordNtNtCs4NRVxsYgnAr_4core7default7Default7default
FNF:44
FNH:44
DA:22,29
DA:23,29
DA:24,29
DA:25,29
DA:26,29
DA:27,29
DA:28,29
DA:29,29
DA:31,29
DA:32,196696
DA:33,196696
DA:35,19
DA:36,29
DA:37,24
DA:38,24
DA:39,24
DA:41,2
DA:42,2
DA:43,8
DA:44,8
DA:45,6
DA:46,2
DA:49,2
DA:50,2
DA:51,1
DA:54,1
DA:55,1
DA:56,7
DA:57,7
DA:58,4
DA:59,3
DA:60,3
DA:62,3
DA:63,3
DA:68,7
DA:69,5
DA:70,5
DA:71,5
DA:72,13
DA:73,5
DA:74,5
DA:75,5
DA:78,3
DA:79,3
DA:80,3
DA:81,2
DA:82,2
DA:83,2
DA:85,2
DA:87,7
DA:89,1
DA:90,1
DA:91,1
DA:92,9
DA:93,9
DA:94,9
DA:95,1
DA:97,1
DA:98,1
DA:99,107
DA:100,284327
DA:101,107
DA:102,15
DA:103,15
DA:104,95
DA:105,15
DA:106,15
DA:107,15
DA:108,3
DA:109,9
DA:110,3
DA:114,1
DA:115,1
DA:116,1
DA:124,159
DA:125,159
DA:126,159
DA:127,830533
DA:128,830533
DA:129,830533
DA:130,830533
DA:131,830533
DA:132,830533
DA:133,830533
DA:134,159
DA:135,18
DA:137,141
DA:139,159
DA:146,8
DA:147,8
DA:148,8
DA:155,6
DA:156,6
DA:157,6
DA:158,40
DA:159,19
DA:160,21
DA:161,40
DA:162,6
DA:163,6
DA:164,6
DA:169,411
DA:170,411
DA:171,411
DA:174,1
DA:175,1
DA:176,1
DA:181,8
DA:182,8
DA:183,5
DA:184,3
DA:185,2
DA:187,2
DA:188,2
DA:189,65536
DA:190,2
DA:191,2
DA:194,0
DA:197,3
DA:199,8
DA:203,5
DA:204,5
DA:205,4
DA:206,2
DA:207,2
DA:209,2
DA:210,2
DA:211,2
DA:212,65536
DA:213,2
DA:216,0
DA:219,1
DA:221,5
DA:225,53
DA:226,53
DA:227,53
DA:228,4
DA:229,49
DA:233,49
DA:234,49
DA:235,49
DA:236,49
DA:237,49
DA:238,49
DA:239,49
DA:240,6
DA:242,43
DA:244,49
DA:245,6
DA:246,43
DA:248,49
DA:249,49
DA:250,49
DA:251,53
DA:276,1
DA:277,1
DA:278,1
DA:279,1
DA:280,1
DA:281,1
DA:282,1
DA:284,1
DA:285,1
DA:286,2
DA:287,1
DA:288,1
DA:289,1
DA:292,1
DA:293,1
DA:295,1
DA:296,1
DA:297,1
DA:299,1
DA:302,1
DA:303,1
DA:304,1
DA:307,1
DA:308,1
DA:309,1
DA:310,1
DA:311,1
DA:312,1
DA:313,1
DA:314,1
DA:315,1
DA:316,1
DA:317,1
DA:318,1
DA:319,1
DA:320,1
DA:321,1
DA:323,1
DA:324,1
DA:327,1
DA:328,1
DA:329,1
DA:330,1
DA:331,1
DA:332,1
DA:333,1
DA:334,1
DA:335,1
DA:336,1
DA:337,1
DA:338,1
DA:339,1
DA:340,1
DA:341,1
DA:343,1
DA:344,1
DA:362,3
DA:372,3
DA:378,3
DA:399,1
DA:400,1
DA:401,1
DA:402,1
DA:403,1
DA:404,1
DA:405,1
DA:407,1
DA:408,1
DA:411,1
DA:412,1
DA:413,1
DA:414,1
DA:415,1
DA:416,1
DA:417,1
DA:418,1
DA:419,1
DA:420,1
DA:422,1
DA:423,1
DA:424,1
DA:426,1
BRF:0
BRH:0
LF:249
LH:247
end_of_record